{"meta": {"format": 3, "version": "7.13.0", "timestamp": "2025-12-15T23:01:21.918991", "branch_coverage": true, "show_contexts": false}, "files": {"future_skills/__init__.py": {"executed_lines": [], "summary": {"covered_lines": 0, "num_statements": 0, "percent_covered": 100.0, "percent_covered_display": "100", "missing_lines": 0, "excluded_lines": 0, "percent_statements_covered": 100.0, "percent_statements_covered_display": "100", "num_branches": 0, "num_partial_branches": 0, "covered_branches": 0, "missing_branches": 0, "percent_branches_covered": 100.0, "percent_branches_covered_display": "100"}, "missing_lines": [], "excluded_lines": [], "executed_branches": [], "missing_branches": [], "functions": {"": {"executed_lines": [], "summary": {"covered_lines": 0, "num_statements": 0, "percent_covered": 100.0, "percent_covered_display": "100", "missing_lines": 0, "excluded_lines": 0, "percent_statements_covered": 100.0, "percent_statements_covered_display": "100", "num_branches": 0, "num_partial_branches": 0, "covered_branches": 0, "missing_branches": 0, "percent_branches_covered": 100.0, "percent_branches_covered_display": "100"}, "missing_lines": [], "excluded_lines": [], "executed_branches": [], "missing_branches": []}}, "classes": {"": {"executed_lines": [], "summary": {"covered_lines": 0, "num_statements": 0, "percent_covered": 100.0, "percent_covered_display": "100", "missing_lines": 0, "excluded_lines": 0, "percent_statements_covered": 100.0, "percent_statements_covered_display": "100", "num_branches": 0, "num_partial_branches": 0, "covered_branches": 0, "missing_branches": 0, "percent_branches_covered": 100.0, "percent_branches_covered_display": "100"}, "missing_lines": [], "excluded_lines": [], "executed_branches": [], "missing_branches": []}}}, "future_skills/admin.py": {"executed_lines": [1, 3, 16, 17, 18, 19, 20, 23, 24, 25, 26, 27, 30, 31, 32, 33, 34, 35, 38, 39, 40, 48, 49, 50, 51, 54, 55, 56, 63, 64, 65, 67, 73, 75, 84, 87, 88, 89, 97, 98, 112, 133, 137, 138, 140, 152, 153, 156, 157, 158, 159, 160, 161, 164, 165, 166, 174, 181, 182, 185, 186, 187, 195, 196, 197, 198], "summary": {"covered_lines": 66, "num_statements": 82, "percent_covered": 73.33333333333333, "percent_covered_display": "73", "missing_lines": 16, "excluded_lines": 0, "percent_statements_covered": 80.48780487804878, "percent_statements_covered_display": "80", "num_branches": 8, "num_partial_branches": 0, "covered_branches": 0, "missing_branches": 8, "percent_branches_covered": 0.0, "percent_branches_covered_display": "0"}, "missing_lines": [68, 69, 70, 71, 76, 77, 78, 135, 142, 143, 144, 145, 146, 147, 149, 150], "excluded_lines": [], "executed_branches": [], "missing_branches": [[68, 69], [68, 70], [76, 77], [76, 78], [143, 144], [143, 145], [145, 146], [145, 149]], "functions": {"PredictionRunAdmin.short_parameters": {"executed_lines": [], "summary": {"covered_lines": 0, "num_statements": 4, "percent_covered": 0.0, "percent_covered_display": "0", "missing_lines": 4, "excluded_lines": 0, "percent_statements_covered": 0.0, "percent_statements_covered_display": "0", "num_branches": 2, "num_partial_branches": 0, "covered_branches": 0, "missing_branches": 2, "percent_branches_covered": 0.0, "percent_branches_covered_display": "0"}, "missing_lines": [68, 69, 70, 71], "excluded_lines": [], "executed_branches": [], "missing_branches": [[68, 69], [68, 70]]}, "PredictionRunAdmin.short_description": {"executed_lines": [], "summary": {"covered_lines": 0, "num_statements": 3, "percent_covered": 0.0, "percent_covered_display": "0", "missing_lines": 3, "excluded_lines": 0, "percent_statements_covered": 0.0, "percent_statements_covered_display": "0", "num_branches": 2, "num_partial_branches": 0, "covered_branches": 0, "missing_branches": 2, "percent_branches_covered": 0.0, "percent_branches_covered_display": "0"}, "missing_lines": [76, 77, 78], "excluded_lines": [], "executed_branches": [], "missing_branches": [[76, 77], [76, 78]]}, "TrainingRunAdmin.initiated_by": {"executed_lines": [], "summary": {"covered_lines": 0, "num_statements": 1, "percent_covered": 0.0, "percent_covered_display": "0", "missing_lines": 1, "excluded_lines": 0, "percent_statements_covered": 0.0, "percent_statements_covered_display": "0", "num_branches": 0, "num_partial_branches": 0, "covered_branches": 0, "missing_branches": 0, "percent_branches_covered": 100.0, "percent_branches_covered_display": "100"}, "missing_lines": [135], "excluded_lines": [], "executed_branches": [], "missing_branches": []}, "TrainingRunAdmin.training_duration": {"executed_lines": [], "summary": {"covered_lines": 0, "num_statements": 8, "percent_covered": 0.0, "percent_covered_display": "0", "missing_lines": 8, "excluded_lines": 0, "percent_statements_covered": 0.0, "percent_statements_covered_display": "0", "num_branches": 4, "num_partial_branches": 0, "covered_branches": 0, "missing_branches": 4, "percent_branches_covered": 0.0, "percent_branches_covered_display": "0"}, "missing_lines": [142, 143, 144, 145, 146, 147, 149, 150], "excluded_lines": [], "executed_branches": [], "missing_branches": [[143, 144], [143, 145], [145, 146], [145, 149]]}, "": {"executed_lines": [1, 3, 16, 17, 18, 19, 20, 23, 24, 25, 26, 27, 30, 31, 32, 33, 34, 35, 38, 39, 40, 48, 49, 50, 51, 54, 55, 56, 63, 64, 65, 67, 73, 75, 84, 87, 88, 89, 97, 98, 112, 133, 137, 138, 140, 152, 153, 156, 157, 158, 159, 160, 161, 164, 165, 166, 174, 181, 182, 185, 186, 187, 195, 196, 197, 198], "summary": {"covered_lines": 66, "num_statements": 66, "percent_covered": 100.0, "percent_covered_display": "100", "missing_lines": 0, "excluded_lines": 0, "percent_statements_covered": 100.0, "percent_statements_covered_display": "100", "num_branches": 0, "num_partial_branches": 0, "covered_branches": 0, "missing_branches": 0, "percent_branches_covered": 100.0, "percent_branches_covered_display": "100"}, "missing_lines": [], "excluded_lines": [], "executed_branches": [], "missing_branches": []}}, "classes": {"SkillAdmin": {"executed_lines": [], "summary": {"covered_lines": 0, "num_statements": 0, "percent_covered": 100.0, "percent_covered_display": "100", "missing_lines": 0, "excluded_lines": 0, "percent_statements_covered": 100.0, "percent_statements_covered_display": "100", "num_branches": 0, "num_partial_branches": 0, "covered_branches": 0, "missing_branches": 0, "percent_branches_covered": 100.0, "percent_branches_covered_display": "100"}, "missing_lines": [], "excluded_lines": [], "executed_branches": [], "missing_branches": []}, "JobRoleAdmin": {"executed_lines": [], "summary": {"covered_lines": 0, "num_statements": 0, "percent_covered": 100.0, "percent_covered_display": "100", "missing_lines": 0, "excluded_lines": 0, "percent_statements_covered": 100.0, "percent_statements_covered_display": "100", "num_branches": 0, "num_partial_branches": 0, "covered_branches": 0, "missing_branches": 0, "percent_branches_covered": 100.0, "percent_branches_covered_display": "100"}, "missing_lines": [], "excluded_lines": [], "executed_branches": [], "missing_branches": []}, "MarketTrendAdmin": {"executed_lines": [], "summary": {"covered_lines": 0, "num_statements": 0, "percent_covered": 100.0, "percent_covered_display": "100", "missing_lines": 0, "excluded_lines": 0, "percent_statements_covered": 100.0, "percent_statements_covered_display": "100", "num_branches": 0, "num_partial_branches": 0, "covered_branches": 0, "missing_branches": 0, "percent_branches_covered": 100.0, "percent_branches_covered_display": "100"}, "missing_lines": [], "excluded_lines": [], "executed_branches": [], "missing_branches": []}, "FutureSkillPredictionAdmin": {"executed_lines": [], "summary": {"covered_lines": 0, "num_statements": 0, "percent_covered": 100.0, "percent_covered_display": "100", "missing_lines": 0, "excluded_lines": 0, "percent_statements_covered": 100.0, "percent_statements_covered_display": "100", "num_branches": 0, "num_partial_branches": 0, "covered_branches": 0, "missing_branches": 0, "percent_branches_covered": 100.0, "percent_branches_covered_display": "100"}, "missing_lines": [], "excluded_lines": [], "executed_branches": [], "missing_branches": []}, "PredictionRunAdmin": {"executed_lines": [], "summary": {"covered_lines": 0, "num_statements": 7, "percent_covered": 0.0, "percent_covered_display": "0", "missing_lines": 7, "excluded_lines": 0, "percent_statements_covered": 0.0, "percent_statements_covered_display": "0", "num_branches": 4, "num_partial_branches": 0, "covered_branches": 0, "missing_branches": 4, "percent_branches_covered": 0.0, "percent_branches_covered_display": "0"}, "missing_lines": [68, 69, 70, 71, 76, 77, 78], "excluded_lines": [], "executed_branches": [], "missing_branches": [[68, 69], [68, 70], [76, 77], [76, 78]]}, "TrainingRunAdmin": {"executed_lines": [], "summary": {"covered_lines": 0, "num_statements": 9, "percent_covered": 0.0, "percent_covered_display": "0", "missing_lines": 9, "excluded_lines": 0, "percent_statements_covered": 0.0, "percent_statements_covered_display": "0", "num_branches": 4, "num_partial_branches": 0, "covered_branches": 0, "missing_branches": 4, "percent_branches_covered": 0.0, "percent_branches_covered_display": "0"}, "missing_lines": [135, 142, 143, 144, 145, 146, 147, 149, 150], "excluded_lines": [], "executed_branches": [], "missing_branches": [[143, 144], [143, 145], [145, 146], [145, 149]]}, "EconomicReportAdmin": {"executed_lines": [], "summary": {"covered_lines": 0, "num_statements": 0, "percent_covered": 100.0, "percent_covered_display": "100", "missing_lines": 0, "excluded_lines": 0, "percent_statements_covered": 100.0, "percent_statements_covered_display": "100", "num_branches": 0, "num_partial_branches": 0, "covered_branches": 0, "missing_branches": 0, "percent_branches_covered": 100.0, "percent_branches_covered_display": "100"}, "missing_lines": [], "excluded_lines": [], "executed_branches": [], "missing_branches": []}, "HRInvestmentRecommendationAdmin": {"executed_lines": [], "summary": {"covered_lines": 0, "num_statements": 0, "percent_covered": 100.0, "percent_covered_display": "100", "missing_lines": 0, "excluded_lines": 0, "percent_statements_covered": 100.0, "percent_statements_covered_display": "100", "num_branches": 0, "num_partial_branches": 0, "covered_branches": 0, "missing_branches": 0, "percent_branches_covered": 100.0, "percent_branches_covered_display": "100"}, "missing_lines": [], "excluded_lines": [], "executed_branches": [], "missing_branches": []}, "EmployeeAdmin": {"executed_lines": [], "summary": {"covered_lines": 0, "num_statements": 0, "percent_covered": 100.0, "percent_covered_display": "100", "missing_lines": 0, "excluded_lines": 0, "percent_statements_covered": 100.0, "percent_statements_covered_display": "100", "num_branches": 0, "num_partial_branches": 0, "covered_branches": 0, "missing_branches": 0, "percent_branches_covered": 100.0, "percent_branches_covered_display": "100"}, "missing_lines": [], "excluded_lines": [], "executed_branches": [], "missing_branches": []}, "": {"executed_lines": [1, 3, 16, 17, 18, 19, 20, 23, 24, 25, 26, 27, 30, 31, 32, 33, 34, 35, 38, 39, 40, 48, 49, 50, 51, 54, 55, 56, 63, 64, 65, 67, 73, 75, 84, 87, 88, 89, 97, 98, 112, 133, 137, 138, 140, 152, 153, 156, 157, 158, 159, 160, 161, 164, 165, 166, 174, 181, 182, 185, 186, 187, 195, 196, 197, 198], "summary": {"covered_lines": 66, "num_statements": 66, "percent_covered": 100.0, "percent_covered_display": "100", "missing_lines": 0, "excluded_lines": 0, "percent_statements_covered": 100.0, "percent_statements_covered_display": "100", "num_branches": 0, "num_partial_branches": 0, "covered_branches": 0, "missing_branches": 0, "percent_branches_covered": 100.0, "percent_branches_covered_display": "100"}, "missing_lines": [], "excluded_lines": [], "executed_branches": [], "missing_branches": []}}}, "future_skills/api/__init__.py": {"executed_lines": [], "summary": {"covered_lines": 0, "num_statements": 0, "percent_covered": 100.0, "percent_covered_display": "100", "missing_lines": 0, "excluded_lines": 0, "percent_statements_covered": 100.0, "percent_statements_covered_display": "100", "num_branches": 0, "num_partial_branches": 0, "covered_branches": 0, "missing_branches": 0, "percent_branches_covered": 100.0, "percent_branches_covered_display": "100"}, "missing_lines": [], "excluded_lines": [], "executed_branches": [], "missing_branches": [], "functions": {"": {"executed_lines": [], "summary": {"covered_lines": 0, "num_statements": 0, "percent_covered": 100.0, "percent_covered_display": "100", "missing_lines": 0, "excluded_lines": 0, "percent_statements_covered": 100.0, "percent_statements_covered_display": "100", "num_branches": 0, "num_partial_branches": 0, "covered_branches": 0, "missing_branches": 0, "percent_branches_covered": 100.0, "percent_branches_covered_display": "100"}, "missing_lines": [], "excluded_lines": [], "executed_branches": [], "missing_branches": []}}, "classes": {"": {"executed_lines": [], "summary": {"covered_lines": 0, "num_statements": 0, "percent_covered": 100.0, "percent_covered_display": "100", "missing_lines": 0, "excluded_lines": 0, "percent_statements_covered": 100.0, "percent_statements_covered_display": "100", "num_branches": 0, "num_partial_branches": 0, "covered_branches": 0, "missing_branches": 0, "percent_branches_covered": 100.0, "percent_branches_covered_display": "100"}, "missing_lines": [], "excluded_lines": [], "executed_branches": [], "missing_branches": []}}}, "future_skills/api/middleware.py": {"executed_lines": [1, 7, 8, 9, 10, 11, 13, 14, 15, 16, 17, 19, 22, 23, 32, 34, 35, 36, 37, 38, 39, 42, 43, 45, 46, 48, 50, 52, 53, 56, 59, 60, 61, 64, 65, 71, 72, 73, 74, 75, 76, 77, 80, 81, 84, 85, 86, 87, 88, 89, 91, 93, 101, 109, 110, 115, 137, 138, 140, 141, 142, 143, 144, 151, 153, 155, 158, 159, 175, 178, 186, 196, 199, 200, 203, 204, 207, 208, 211, 213, 218, 222, 224, 228, 231, 232, 233, 244, 245, 249, 251, 255, 256, 259, 260, 263, 267, 271, 274, 277, 278, 280, 282, 285, 286, 288, 293, 294, 296, 298, 301, 302, 303, 304, 305, 309, 311, 313, 314, 315, 316, 318, 320, 321, 322, 323, 324, 325, 328, 329, 330, 331, 332, 333, 335, 351, 352, 356, 358, 359, 368, 376, 384, 385, 390, 402, 403, 412, 415, 416, 421, 422, 423, 424, 427, 428, 429, 430, 431, 439, 442, 443, 454, 459, 461, 462, 465, 468, 469, 472, 473, 474, 477, 478, 479, 483, 484, 485, 488, 490, 491, 492, 495, 503, 505, 506, 508, 509, 520, 521, 528, 530, 531, 532, 535, 538, 539, 543], "summary": {"covered_lines": 192, "num_statements": 290, "percent_covered": 66.3265306122449, "percent_covered_display": "66", "missing_lines": 98, "excluded_lines": 0, "percent_statements_covered": 66.20689655172414, "percent_statements_covered_display": "66", "num_branches": 102, "num_partial_branches": 18, "covered_branches": 68, "missing_branches": 34, "percent_branches_covered": 66.66666666666667, "percent_branches_covered_display": "67"}, "missing_lines": [94, 95, 96, 97, 98, 99, 102, 103, 106, 107, 112, 113, 116, 117, 118, 119, 120, 127, 128, 129, 132, 133, 135, 145, 146, 147, 148, 149, 209, 214, 215, 219, 223, 225, 234, 235, 236, 237, 238, 239, 240, 241, 242, 246, 247, 252, 264, 268, 289, 290, 306, 307, 326, 336, 337, 345, 346, 347, 348, 349, 353, 354, 361, 362, 363, 364, 365, 366, 369, 370, 371, 372, 373, 374, 377, 378, 381, 382, 387, 388, 391, 392, 393, 394, 395, 436, 437, 463, 480, 481, 510, 511, 512, 513, 514, 515, 516, 517], "excluded_lines": [], "executed_branches": [[36, 37], [36, 42], [38, 39], [38, 42], [42, 43], [42, 45], [50, 52], [59, 60], [64, 65], [64, 71], [71, 72], [80, 81], [80, 84], [84, 85], [84, 86], [86, 87], [86, 88], [88, 89], [88, 91], [199, 200], [199, 203], [203, 204], [203, 207], [208, 211], [213, 218], [218, 222], [222, 224], [224, 228], [233, 244], [251, 255], [255, 256], [255, 259], [259, 260], [259, 263], [263, 267], [267, 271], [277, 278], [277, 293], [280, 282], [280, 285], [304, 305], [304, 309], [313, 314], [313, 316], [314, 313], [314, 315], [325, 328], [335, 351], [415, 416], [415, 421], [421, 422], [421, 439], [427, 428], [429, 430], [429, 439], [430, 431], [462, -459], [468, 469], [468, 472], [473, 474], [484, 485], [484, 488], [490, 491], [490, 495], [491, 490], [491, 492], [530, 531], [530, 543]], "missing_branches": [[50, 71], [59, 64], [71, 80], [102, -101], [102, 103], [118, 119], [118, 120], [128, 129], [128, 135], [208, 209], [213, 214], [218, 219], [222, 223], [224, 225], [233, 234], [251, 252], [263, 264], [267, 268], [325, 326], [335, 336], [361, 362], [361, 363], [363, 364], [363, 365], [365, -358], [365, 366], [377, -376], [377, 378], [393, 394], [393, 395], [427, 439], [430, 439], [462, 463], [473, 488]], "functions": {"APIPerformanceMiddleware.process_request": {"executed_lines": [34, 35, 36, 37, 38, 39, 42, 43, 45, 46], "summary": {"covered_lines": 10, "num_statements": 10, "percent_covered": 100.0, "percent_covered_display": "100", "missing_lines": 0, "excluded_lines": 0, "percent_statements_covered": 100.0, "percent_statements_covered_display": "100", "num_branches": 6, "num_partial_branches": 0, "covered_branches": 6, "missing_branches": 0, "percent_branches_covered": 100.0, "percent_branches_covered_display": "100"}, "missing_lines": [], "excluded_lines": [], "executed_branches": [[36, 37], [36, 42], [38, 39], [38, 42], [42, 43], [42, 45]], "missing_branches": []}, "APIPerformanceMiddleware.process_response": {"executed_lines": [50, 52, 53, 56, 59, 60, 61, 64, 65, 71, 72, 73, 74, 75, 76, 77, 80, 81, 84, 85, 86, 87, 88, 89, 91], "summary": {"covered_lines": 25, "num_statements": 25, "percent_covered": 92.6829268292683, "percent_covered_display": "93", "missing_lines": 0, "excluded_lines": 0, "percent_statements_covered": 100.0, "percent_statements_covered_display": "100", "num_branches": 16, "num_partial_branches": 3, "covered_branches": 13, "missing_branches": 3, "percent_branches_covered": 81.25, "percent_branches_covered_display": "81"}, "missing_lines": [], "excluded_lines": [], "executed_branches": [[50, 52], [59, 60], [64, 65], [64, 71], [71, 72], [80, 81], [80, 84], [84, 85], [84, 86], [86, 87], [86, 88], [88, 89], [88, 91]], "missing_branches": [[50, 71], [59, 64], [71, 80]]}, "APIPerformanceMiddleware._add_rate_limit_headers": {"executed_lines": [], "summary": {"covered_lines": 0, "num_statements": 6, "percent_covered": 0.0, "percent_covered_display": "0", "missing_lines": 6, "excluded_lines": 0, "percent_statements_covered": 0.0, "percent_statements_covered_display": "0", "num_branches": 0, "num_partial_branches": 0, "covered_branches": 0, "missing_branches": 0, "percent_branches_covered": 100.0, "percent_branches_covered_display": "100"}, "missing_lines": [94, 95, 96, 97, 98, 99], "excluded_lines": [], "executed_branches": [], "missing_branches": []}, "APIPerformanceMiddleware._ensure_deprecation_headers": {"executed_lines": [], "summary": {"covered_lines": 0, "num_statements": 4, "percent_covered": 0.0, "percent_covered_display": "0", "missing_lines": 4, "excluded_lines": 0, "percent_statements_covered": 0.0, "percent_statements_covered_display": "0", "num_branches": 2, "num_partial_branches": 0, "covered_branches": 0, "missing_branches": 2, "percent_branches_covered": 0.0, "percent_branches_covered_display": "0"}, "missing_lines": [102, 103, 106, 107], "excluded_lines": [], "executed_branches": [], "missing_branches": [[102, -101], [102, 103]]}, "APIPerformanceMiddleware._add_response_metrics": {"executed_lines": [], "summary": {"covered_lines": 0, "num_statements": 2, "percent_covered": 0.0, "percent_covered_display": "0", "missing_lines": 2, "excluded_lines": 0, "percent_statements_covered": 0.0, "percent_statements_covered_display": "0", "num_branches": 0, "num_partial_branches": 0, "covered_branches": 0, "missing_branches": 0, "percent_branches_covered": 100.0, "percent_branches_covered_display": "100"}, "missing_lines": [112, 113], "excluded_lines": [], "executed_branches": [], "missing_branches": []}, "APIPerformanceMiddleware._log_cached_request": {"executed_lines": [], "summary": {"covered_lines": 0, "num_statements": 11, "percent_covered": 0.0, "percent_covered_display": "0", "missing_lines": 11, "excluded_lines": 0, "percent_statements_covered": 0.0, "percent_statements_covered_display": "0", "num_branches": 4, "num_partial_branches": 0, "covered_branches": 0, "missing_branches": 4, "percent_branches_covered": 0.0, "percent_branches_covered_display": "0"}, "missing_lines": [116, 117, 118, 119, 120, 127, 128, 129, 132, 133, 135], "excluded_lines": [], "executed_branches": [], "missing_branches": [[118, 119], [118, 120], [128, 129], [128, 135]]}, "APIPerformanceMiddleware._safe_time": {"executed_lines": [140, 141, 142, 143, 144], "summary": {"covered_lines": 5, "num_statements": 10, "percent_covered": 50.0, "percent_covered_display": "50", "missing_lines": 5, "excluded_lines": 0, "percent_statements_covered": 50.0, "percent_statements_covered_display": "50", "num_branches": 0, "num_partial_branches": 0, "covered_branches": 0, "missing_branches": 0, "percent_branches_covered": 100.0, "percent_branches_covered_display": "100"}, "missing_lines": [145, 146, 147, 148, 149], "excluded_lines": [], "executed_branches": [], "missing_branches": []}, "APIPerformanceMiddleware._get_db_query_count": {"executed_lines": [153, 155], "summary": {"covered_lines": 2, "num_statements": 2, "percent_covered": 100.0, "percent_covered_display": "100", "missing_lines": 0, "excluded_lines": 0, "percent_statements_covered": 100.0, "percent_statements_covered_display": "100", "num_branches": 0, "num_partial_branches": 0, "covered_branches": 0, "missing_branches": 0, "percent_branches_covered": 100.0, "percent_branches_covered_display": "100"}, "missing_lines": [], "excluded_lines": [], "executed_branches": [], "missing_branches": []}, "APICacheMiddleware.process_request": {"executed_lines": [199, 200, 203, 204, 207, 208, 211, 213, 218, 222, 224, 228, 231, 232, 233, 244, 245], "summary": {"covered_lines": 17, "num_statements": 34, "percent_covered": 54.0, "percent_covered_display": "54", "missing_lines": 17, "excluded_lines": 0, "percent_statements_covered": 50.0, "percent_statements_covered_display": "50", "num_branches": 16, "num_partial_branches": 6, "covered_branches": 10, "missing_branches": 6, "percent_branches_covered": 62.5, "percent_branches_covered_display": "62"}, "missing_lines": [209, 214, 215, 219, 223, 225, 234, 235, 236, 237, 238, 239, 240, 241, 242, 246, 247], "excluded_lines": [], "executed_branches": [[199, 200], [199, 203], [203, 204], [203, 207], [208, 211], [213, 218], [218, 222], [222, 224], [224, 228], [233, 244]], "missing_branches": [[208, 209], [213, 214], [218, 219], [222, 223], [224, 225], [233, 234]]}, "APICacheMiddleware.process_response": {"executed_lines": [251, 255, 256, 259, 260, 263, 267, 271, 274, 277, 278, 280, 282, 285, 286, 288, 293, 294, 296], "summary": {"covered_lines": 19, "num_statements": 24, "percent_covered": 78.94736842105263, "percent_covered_display": "79", "missing_lines": 5, "excluded_lines": 0, "percent_statements_covered": 79.16666666666667, "percent_statements_covered_display": "79", "num_branches": 14, "num_partial_branches": 3, "covered_branches": 11, "missing_branches": 3, "percent_branches_covered": 78.57142857142857, "percent_branches_covered_display": "79"}, "missing_lines": [252, 264, 268, 289, 290], "excluded_lines": [], "executed_branches": [[251, 255], [255, 256], [255, 259], [259, 260], [259, 263], [263, 267], [267, 271], [277, 278], [277, 293], [280, 282], [280, 285]], "missing_branches": [[251, 252], [263, 264], [267, 268]]}, "APICacheMiddleware._get_cache_key": {"executed_lines": [301, 302, 303, 304, 305, 309], "summary": {"covered_lines": 6, "num_statements": 8, "percent_covered": 80.0, "percent_covered_display": "80", "missing_lines": 2, "excluded_lines": 0, "percent_statements_covered": 75.0, "percent_statements_covered_display": "75", "num_branches": 2, "num_partial_branches": 0, "covered_branches": 2, "missing_branches": 0, "percent_branches_covered": 100.0, "percent_branches_covered_display": "100"}, "missing_lines": [306, 307], "excluded_lines": [], "executed_branches": [[304, 305], [304, 309]], "missing_branches": []}, "APICacheMiddleware._get_cache_timeout": {"executed_lines": [313, 314, 315, 316], "summary": {"covered_lines": 4, "num_statements": 4, "percent_covered": 100.0, "percent_covered_display": "100", "missing_lines": 0, "excluded_lines": 0, "percent_statements_covered": 100.0, "percent_statements_covered_display": "100", "num_branches": 4, "num_partial_branches": 0, "covered_branches": 4, "missing_branches": 0, "percent_branches_covered": 100.0, "percent_branches_covered_display": "100"}, "missing_lines": [], "excluded_lines": [], "executed_branches": [[313, 314], [313, 316], [314, 313], [314, 315]], "missing_branches": []}, "APICacheMiddleware._enforce_simple_throttle": {"executed_lines": [320, 321, 322, 323, 324, 325, 328, 329, 330, 331, 332, 333, 335, 351, 352, 356], "summary": {"covered_lines": 16, "num_statements": 26, "percent_covered": 60.0, "percent_covered_display": "60", "missing_lines": 10, "excluded_lines": 0, "percent_statements_covered": 61.53846153846154, "percent_statements_covered_display": "62", "num_branches": 4, "num_partial_branches": 2, "covered_branches": 2, "missing_branches": 2, "percent_branches_covered": 50.0, "percent_branches_covered_display": "50"}, "missing_lines": [326, 336, 337, 345, 346, 347, 348, 349, 353, 354], "excluded_lines": [], "executed_branches": [[325, 328], [335, 351]], "missing_branches": [[325, 326], [335, 336]]}, "APICacheMiddleware._add_cors_headers": {"executed_lines": [], "summary": {"covered_lines": 0, "num_statements": 6, "percent_covered": 0.0, "percent_covered_display": "0", "missing_lines": 6, "excluded_lines": 0, "percent_statements_covered": 0.0, "percent_statements_covered_display": "0", "num_branches": 6, "num_partial_branches": 0, "covered_branches": 0, "missing_branches": 6, "percent_branches_covered": 0.0, "percent_branches_covered_display": "0"}, "missing_lines": [361, 362, 363, 364, 365, 366], "excluded_lines": [], "executed_branches": [], "missing_branches": [[361, 362], [361, 363], [363, 364], [363, 365], [365, -358], [365, 366]]}, "APICacheMiddleware._add_rate_limit_headers": {"executed_lines": [], "summary": {"covered_lines": 0, "num_statements": 6, "percent_covered": 0.0, "percent_covered_display": "0", "missing_lines": 6, "excluded_lines": 0, "percent_statements_covered": 0.0, "percent_statements_covered_display": "0", "num_branches": 0, "num_partial_branches": 0, "covered_branches": 0, "missing_branches": 0, "percent_branches_covered": 100.0, "percent_branches_covered_display": "100"}, "missing_lines": [369, 370, 371, 372, 373, 374], "excluded_lines": [], "executed_branches": [], "missing_branches": []}, "APICacheMiddleware._ensure_deprecation_headers": {"executed_lines": [], "summary": {"covered_lines": 0, "num_statements": 4, "percent_covered": 0.0, "percent_covered_display": "0", "missing_lines": 4, "excluded_lines": 0, "percent_statements_covered": 0.0, "percent_statements_covered_display": "0", "num_branches": 2, "num_partial_branches": 0, "covered_branches": 0, "missing_branches": 2, "percent_branches_covered": 0.0, "percent_branches_covered_display": "0"}, "missing_lines": [377, 378, 381, 382], "excluded_lines": [], "executed_branches": [], "missing_branches": [[377, -376], [377, 378]]}, "APICacheMiddleware._add_response_metrics": {"executed_lines": [], "summary": {"covered_lines": 0, "num_statements": 2, "percent_covered": 0.0, "percent_covered_display": "0", "missing_lines": 2, "excluded_lines": 0, "percent_statements_covered": 0.0, "percent_statements_covered_display": "0", "num_branches": 0, "num_partial_branches": 0, "covered_branches": 0, "missing_branches": 0, "percent_branches_covered": 100.0, "percent_branches_covered_display": "100"}, "missing_lines": [387, 388], "excluded_lines": [], "executed_branches": [], "missing_branches": []}, "APICacheMiddleware._log_cached_request": {"executed_lines": [], "summary": {"covered_lines": 0, "num_statements": 5, "percent_covered": 0.0, "percent_covered_display": "0", "missing_lines": 5, "excluded_lines": 0, "percent_statements_covered": 0.0, "percent_statements_covered_display": "0", "num_branches": 2, "num_partial_branches": 0, "covered_branches": 0, "missing_branches": 2, "percent_branches_covered": 0.0, "percent_branches_covered_display": "0"}, "missing_lines": [391, 392, 393, 394, 395], "excluded_lines": [], "executed_branches": [], "missing_branches": [[393, 394], [393, 395]]}, "APIDeprecationMiddleware.process_response": {"executed_lines": [415, 416, 421, 422, 423, 424, 427, 428, 429, 430, 431, 439], "summary": {"covered_lines": 12, "num_statements": 14, "percent_covered": 83.33333333333333, "percent_covered_display": "83", "missing_lines": 2, "excluded_lines": 0, "percent_statements_covered": 85.71428571428571, "percent_statements_covered_display": "86", "num_branches": 10, "num_partial_branches": 2, "covered_branches": 8, "missing_branches": 2, "percent_branches_covered": 80.0, "percent_branches_covered_display": "80"}, "missing_lines": [436, 437], "excluded_lines": [], "executed_branches": [[415, 416], [415, 421], [421, 422], [421, 439], [427, 428], [429, 430], [429, 439], [430, 431]], "missing_branches": [[427, 439], [430, 439]]}, "RequestLoggingMiddleware.process_request": {"executed_lines": [461, 462], "summary": {"covered_lines": 2, "num_statements": 3, "percent_covered": 60.0, "percent_covered_display": "60", "missing_lines": 1, "excluded_lines": 0, "percent_statements_covered": 66.66666666666667, "percent_statements_covered_display": "67", "num_branches": 2, "num_partial_branches": 1, "covered_branches": 1, "missing_branches": 1, "percent_branches_covered": 50.0, "percent_branches_covered_display": "50"}, "missing_lines": [463], "excluded_lines": [], "executed_branches": [[462, -459]], "missing_branches": [[462, 463]]}, "RequestLoggingMiddleware.process_response": {"executed_lines": [468, 469, 472, 473, 474, 477, 478, 479, 483, 484, 485, 488, 490, 491, 492, 495, 503], "summary": {"covered_lines": 17, "num_statements": 19, "percent_covered": 89.65517241379311, "percent_covered_display": "90", "missing_lines": 2, "excluded_lines": 0, "percent_statements_covered": 89.47368421052632, "percent_statements_covered_display": "89", "num_branches": 10, "num_partial_branches": 1, "covered_branches": 9, "missing_branches": 1, "percent_branches_covered": 90.0, "percent_branches_covered_display": "90"}, "missing_lines": [480, 481], "excluded_lines": [], "executed_branches": [[468, 469], [468, 472], [473, 474], [484, 485], [484, 488], [490, 491], [490, 495], [491, 490], [491, 492]], "missing_branches": [[473, 488]]}, "RequestLoggingMiddleware._safe_time": {"executed_lines": [508, 509], "summary": {"covered_lines": 2, "num_statements": 10, "percent_covered": 20.0, "percent_covered_display": "20", "missing_lines": 8, "excluded_lines": 0, "percent_statements_covered": 20.0, "percent_statements_covered_display": "20", "num_branches": 0, "num_partial_branches": 0, "covered_branches": 0, "missing_branches": 0, "percent_branches_covered": 100.0, "percent_branches_covered_display": "100"}, "missing_lines": [510, 511, 512, 513, 514, 515, 516, 517], "excluded_lines": [], "executed_branches": [], "missing_branches": []}, "CORSHeadersMiddleware.process_response": {"executed_lines": [530, 531, 532, 535, 538, 539, 543], "summary": {"covered_lines": 7, "num_statements": 7, "percent_covered": 100.0, "percent_covered_display": "100", "missing_lines": 0, "excluded_lines": 0, "percent_statements_covered": 100.0, "percent_statements_covered_display": "100", "num_branches": 2, "num_partial_branches": 0, "covered_branches": 2, "missing_branches": 0, "percent_branches_covered": 100.0, "percent_branches_covered_display": "100"}, "missing_lines": [], "excluded_lines": [], "executed_branches": [[530, 531], [530, 543]], "missing_branches": []}, "": {"executed_lines": [1, 7, 8, 9, 10, 11, 13, 14, 15, 16, 17, 19, 22, 23, 32, 48, 93, 101, 109, 110, 115, 137, 138, 151, 158, 159, 175, 178, 186, 196, 249, 298, 311, 318, 358, 359, 368, 376, 384, 385, 390, 402, 403, 412, 442, 443, 454, 459, 465, 505, 506, 520, 521, 528], "summary": {"covered_lines": 48, "num_statements": 48, "percent_covered": 100.0, "percent_covered_display": "100", "missing_lines": 0, "excluded_lines": 0, "percent_statements_covered": 100.0, "percent_statements_covered_display": "100", "num_branches": 0, "num_partial_branches": 0, "covered_branches": 0, "missing_branches": 0, "percent_branches_covered": 100.0, "percent_branches_covered_display": "100"}, "missing_lines": [], "excluded_lines": [], "executed_branches": [], "missing_branches": []}}, "classes": {"APIPerformanceMiddleware": {"executed_lines": [34, 35, 36, 37, 38, 39, 42, 43, 45, 46, 50, 52, 53, 56, 59, 60, 61, 64, 65, 71, 72, 73, 74, 75, 76, 77, 80, 81, 84, 85, 86, 87, 88, 89, 91, 140, 141, 142, 143, 144, 153, 155], "summary": {"covered_lines": 42, "num_statements": 70, "percent_covered": 62.244897959183675, "percent_covered_display": "62", "missing_lines": 28, "excluded_lines": 0, "percent_statements_covered": 60.0, "percent_statements_covered_display": "60", "num_branches": 28, "num_partial_branches": 3, "covered_branches": 19, "missing_branches": 9, "percent_branches_covered": 67.85714285714286, "percent_branches_covered_display": "68"}, "missing_lines": [94, 95, 96, 97, 98, 99, 102, 103, 106, 107, 112, 113, 116, 117, 118, 119, 120, 127, 128, 129, 132, 133, 135, 145, 146, 147, 148, 149], "excluded_lines": [], "executed_branches": [[36, 37], [36, 42], [38, 39], [38, 42], [42, 43], [42, 45], [50, 52], [59, 60], [64, 65], [64, 71], [71, 72], [80, 81], [80, 84], [84, 85], [84, 86], [86, 87], [86, 88], [88, 89], [88, 91]], "missing_branches": [[50, 71], [59, 64], [71, 80], [102, -101], [102, 103], [118, 119], [118, 120], [128, 129], [128, 135]]}, "APICacheMiddleware": {"executed_lines": [199, 200, 203, 204, 207, 208, 211, 213, 218, 222, 224, 228, 231, 232, 233, 244, 245, 251, 255, 256, 259, 260, 263, 267, 271, 274, 277, 278, 280, 282, 285, 286, 288, 293, 294, 296, 301, 302, 303, 304, 305, 309, 313, 314, 315, 316, 320, 321, 322, 323, 324, 325, 328, 329, 330, 331, 332, 333, 335, 351, 352, 356], "summary": {"covered_lines": 62, "num_statements": 119, "percent_covered": 53.84615384615385, "percent_covered_display": "54", "missing_lines": 57, "excluded_lines": 0, "percent_statements_covered": 52.10084033613445, "percent_statements_covered_display": "52", "num_branches": 50, "num_partial_branches": 11, "covered_branches": 29, "missing_branches": 21, "percent_branches_covered": 58.0, "percent_branches_covered_display": "58"}, "missing_lines": [209, 214, 215, 219, 223, 225, 234, 235, 236, 237, 238, 239, 240, 241, 242, 246, 247, 252, 264, 268, 289, 290, 306, 307, 326, 336, 337, 345, 346, 347, 348, 349, 353, 354, 361, 362, 363, 364, 365, 366, 369, 370, 371, 372, 373, 374, 377, 378, 381, 382, 387, 388, 391, 392, 393, 394, 395], "excluded_lines": [], "executed_branches": [[199, 200], [199, 203], [203, 204], [203, 207], [208, 211], [213, 218], [218, 222], [222, 224], [224, 228], [233, 244], [251, 255], [255, 256], [255, 259], [259, 260], [259, 263], [263, 267], [267, 271], [277, 278], [277, 293], [280, 282], [280, 285], [304, 305], [304, 309], [313, 314], [313, 316], [314, 313], [314, 315], [325, 328], [335, 351]], "missing_branches": [[208, 209], [213, 214], [218, 219], [222, 223], [224, 225], [233, 234], [251, 252], [263, 264], [267, 268], [325, 326], [335, 336], [361, 362], [361, 363], [363, 364], [363, 365], [365, -358], [365, 366], [377, -376], [377, 378], [393, 394], [393, 395]]}, "APIDeprecationMiddleware": {"executed_lines": [415, 416, 421, 422, 423, 424, 427, 428, 429, 430, 431, 439], "summary": {"covered_lines": 12, "num_statements": 14, "percent_covered": 83.33333333333333, "percent_covered_display": "83", "missing_lines": 2, "excluded_lines": 0, "percent_statements_covered": 85.71428571428571, "percent_statements_covered_display": "86", "num_branches": 10, "num_partial_branches": 2, "covered_branches": 8, "missing_branches": 2, "percent_branches_covered": 80.0, "percent_branches_covered_display": "80"}, "missing_lines": [436, 437], "excluded_lines": [], "executed_branches": [[415, 416], [415, 421], [421, 422], [421, 439], [427, 428], [429, 430], [429, 439], [430, 431]], "missing_branches": [[427, 439], [430, 439]]}, "RequestLoggingMiddleware": {"executed_lines": [461, 462, 468, 469, 472, 473, 474, 477, 478, 479, 483, 484, 485, 488, 490, 491, 492, 495, 503, 508, 509], "summary": {"covered_lines": 21, "num_statements": 32, "percent_covered": 70.45454545454545, "percent_covered_display": "70", "missing_lines": 11, "excluded_lines": 0, "percent_statements_covered": 65.625, "percent_statements_covered_display": "66", "num_branches": 12, "num_partial_branches": 2, "covered_branches": 10, "missing_branches": 2, "percent_branches_covered": 83.33333333333333, "percent_branches_covered_display": "83"}, "missing_lines": [463, 480, 481, 510, 511, 512, 513, 514, 515, 516, 517], "excluded_lines": [], "executed_branches": [[462, -459], [468, 469], [468, 472], [473, 474], [484, 485], [484, 488], [490, 491], [490, 495], [491, 490], [491, 492]], "missing_branches": [[462, 463], [473, 488]]}, "CORSHeadersMiddleware": {"executed_lines": [530, 531, 532, 535, 538, 539, 543], "summary": {"covered_lines": 7, "num_statements": 7, "percent_covered": 100.0, "percent_covered_display": "100", "missing_lines": 0, "excluded_lines": 0, "percent_statements_covered": 100.0, "percent_statements_covered_display": "100", "num_branches": 2, "num_partial_branches": 0, "covered_branches": 2, "missing_branches": 0, "percent_branches_covered": 100.0, "percent_branches_covered_display": "100"}, "missing_lines": [], "excluded_lines": [], "executed_branches": [[530, 531], [530, 543]], "missing_branches": []}, "": {"executed_lines": [1, 7, 8, 9, 10, 11, 13, 14, 15, 16, 17, 19, 22, 23, 32, 48, 93, 101, 109, 110, 115, 137, 138, 151, 158, 159, 175, 178, 186, 196, 249, 298, 311, 318, 358, 359, 368, 376, 384, 385, 390, 402, 403, 412, 442, 443, 454, 459, 465, 505, 506, 520, 521, 528], "summary": {"covered_lines": 48, "num_statements": 48, "percent_covered": 100.0, "percent_covered_display": "100", "missing_lines": 0, "excluded_lines": 0, "percent_statements_covered": 100.0, "percent_statements_covered_display": "100", "num_branches": 0, "num_partial_branches": 0, "covered_branches": 0, "missing_branches": 0, "percent_branches_covered": 100.0, "percent_branches_covered_display": "100"}, "missing_lines": [], "excluded_lines": [], "executed_branches": [], "missing_branches": []}}}, "future_skills/api/monitoring.py": {"executed_lines": [1, 7, 8, 10, 11, 12, 13, 14, 15, 16, 17, 20, 21, 37, 38, 40, 42, 49, 50, 56, 57, 62, 63, 66, 70, 72, 74, 75, 76, 77, 81, 83, 84, 85, 86, 91, 92, 104, 106, 108, 110, 112, 113, 114, 115, 123, 125, 127, 129, 132, 133, 148, 150, 153, 154, 158, 166, 168, 170, 176, 178, 179, 181, 187, 189, 200, 202, 204, 205, 206, 207, 209, 219, 221, 223, 233, 235, 237, 240, 241, 250, 251, 253, 255, 261, 263, 271, 274, 276, 278, 279, 280, 281, 285, 287, 289, 290, 291, 292, 296, 298, 299, 300, 301, 302, 307, 308, 317, 318, 320, 322], "summary": {"covered_lines": 105, "num_statements": 119, "percent_covered": 88.4297520661157, "percent_covered_display": "88", "missing_lines": 14, "excluded_lines": 0, "percent_statements_covered": 88.23529411764706, "percent_statements_covered_display": "88", "num_branches": 2, "num_partial_branches": 0, "covered_branches": 2, "missing_branches": 0, "percent_branches_covered": 100.0, "percent_branches_covered_display": "100"}, "missing_lines": [78, 79, 87, 88, 194, 195, 213, 214, 282, 283, 293, 294, 303, 304], "excluded_lines": [], "executed_branches": [[153, 154], [153, 158]], "missing_branches": [], "functions": {"HealthCheckView.get": {"executed_lines": [42, 49, 50, 56, 57, 62, 63, 66, 70], "summary": {"covered_lines": 9, "num_statements": 9, "percent_covered": 100.0, "percent_covered_display": "100", "missing_lines": 0, "excluded_lines": 0, "percent_statements_covered": 100.0, "percent_statements_covered_display": "100", "num_branches": 0, "num_partial_branches": 0, "covered_branches": 0, "missing_branches": 0, "percent_branches_covered": 100.0, "percent_branches_covered_display": "100"}, "missing_lines": [], "excluded_lines": [], "executed_branches": [], "missing_branches": []}, "HealthCheckView._check_database": {"executed_lines": [74, 75, 76, 77], "summary": {"covered_lines": 4, "num_statements": 6, "percent_covered": 66.66666666666667, "percent_covered_display": "67", "missing_lines": 2, "excluded_lines": 0, "percent_statements_covered": 66.66666666666667, "percent_statements_covered_display": "67", "num_branches": 0, "num_partial_branches": 0, "covered_branches": 0, "missing_branches": 0, "percent_branches_covered": 100.0, "percent_branches_covered_display": "100"}, "missing_lines": [78, 79], "excluded_lines": [], "executed_branches": [], "missing_branches": []}, "HealthCheckView._check_cache": {"executed_lines": [83, 84, 85, 86], "summary": {"covered_lines": 4, "num_statements": 6, "percent_covered": 66.66666666666667, "percent_covered_display": "67", "missing_lines": 2, "excluded_lines": 0, "percent_statements_covered": 66.66666666666667, "percent_statements_covered_display": "67", "num_branches": 0, "num_partial_branches": 0, "covered_branches": 0, "missing_branches": 0, "percent_branches_covered": 100.0, "percent_branches_covered_display": "100"}, "missing_lines": [87, 88], "excluded_lines": [], "executed_branches": [], "missing_branches": []}, "VersionInfoView.get": {"executed_lines": [108, 110, 112, 113, 114, 115, 123], "summary": {"covered_lines": 7, "num_statements": 7, "percent_covered": 100.0, "percent_covered_display": "100", "missing_lines": 0, "excluded_lines": 0, "percent_statements_covered": 100.0, "percent_statements_covered_display": "100", "num_branches": 0, "num_partial_branches": 0, "covered_branches": 0, "missing_branches": 0, "percent_branches_covered": 100.0, "percent_branches_covered_display": "100"}, "missing_lines": [], "excluded_lines": [], "executed_branches": [], "missing_branches": []}, "VersionInfoView._get_django_version": {"executed_lines": [127, 129], "summary": {"covered_lines": 2, "num_statements": 2, "percent_covered": 100.0, "percent_covered_display": "100", "missing_lines": 0, "excluded_lines": 0, "percent_statements_covered": 100.0, "percent_statements_covered_display": "100", "num_branches": 0, "num_partial_branches": 0, "covered_branches": 0, "missing_branches": 0, "percent_branches_covered": 100.0, "percent_branches_covered_display": "100"}, "missing_lines": [], "excluded_lines": [], "executed_branches": [], "missing_branches": []}, "MetricsView.get": {"executed_lines": [153, 154, 158, 166], "summary": {"covered_lines": 4, "num_statements": 4, "percent_covered": 100.0, "percent_covered_display": "100", "missing_lines": 0, "excluded_lines": 0, "percent_statements_covered": 100.0, "percent_statements_covered_display": "100", "num_branches": 2, "num_partial_branches": 0, "covered_branches": 2, "missing_branches": 0, "percent_branches_covered": 100.0, "percent_branches_covered_display": "100"}, "missing_lines": [], "excluded_lines": [], "executed_branches": [[153, 154], [153, 158]], "missing_branches": []}, "MetricsView._get_system_metrics": {"executed_lines": [170], "summary": {"covered_lines": 1, "num_statements": 1, "percent_covered": 100.0, "percent_covered_display": "100", "missing_lines": 0, "excluded_lines": 0, "percent_statements_covered": 100.0, "percent_statements_covered_display": "100", "num_branches": 0, "num_partial_branches": 0, "covered_branches": 0, "missing_branches": 0, "percent_branches_covered": 100.0, "percent_branches_covered_display": "100"}, "missing_lines": [], "excluded_lines": [], "executed_branches": [], "missing_branches": []}, "MetricsView._get_database_metrics": {"executed_lines": [178, 179, 181, 187, 189], "summary": {"covered_lines": 5, "num_statements": 7, "percent_covered": 71.42857142857143, "percent_covered_display": "71", "missing_lines": 2, "excluded_lines": 0, "percent_statements_covered": 71.42857142857143, "percent_statements_covered_display": "71", "num_branches": 0, "num_partial_branches": 0, "covered_branches": 0, "missing_branches": 0, "percent_branches_covered": 100.0, "percent_branches_covered_display": "100"}, "missing_lines": [194, 195], "excluded_lines": [], "executed_branches": [], "missing_branches": []}, "MetricsView._get_cache_metrics": {"executed_lines": [202, 204, 205, 206, 207, 209], "summary": {"covered_lines": 6, "num_statements": 8, "percent_covered": 75.0, "percent_covered_display": "75", "missing_lines": 2, "excluded_lines": 0, "percent_statements_covered": 75.0, "percent_statements_covered_display": "75", "num_branches": 0, "num_partial_branches": 0, "covered_branches": 0, "missing_branches": 0, "percent_branches_covered": 100.0, "percent_branches_covered_display": "100"}, "missing_lines": [213, 214], "excluded_lines": [], "executed_branches": [], "missing_branches": []}, "MetricsView._get_api_metrics": {"executed_lines": [221, 223], "summary": {"covered_lines": 2, "num_statements": 2, "percent_covered": 100.0, "percent_covered_display": "100", "missing_lines": 0, "excluded_lines": 0, "percent_statements_covered": 100.0, "percent_statements_covered_display": "100", "num_branches": 0, "num_partial_branches": 0, "covered_branches": 0, "missing_branches": 0, "percent_branches_covered": 100.0, "percent_branches_covered_display": "100"}, "missing_lines": [], "excluded_lines": [], "executed_branches": [], "missing_branches": []}, "MetricsView._get_rate_limit_info": {"executed_lines": [235, 237], "summary": {"covered_lines": 2, "num_statements": 2, "percent_covered": 100.0, "percent_covered_display": "100", "missing_lines": 0, "excluded_lines": 0, "percent_statements_covered": 100.0, "percent_statements_covered_display": "100", "num_branches": 0, "num_partial_branches": 0, "covered_branches": 0, "missing_branches": 0, "percent_branches_covered": 100.0, "percent_branches_covered_display": "100"}, "missing_lines": [], "excluded_lines": [], "executed_branches": [], "missing_branches": []}, "ReadyCheckView.get": {"executed_lines": [255, 261, 263, 271, 274], "summary": {"covered_lines": 5, "num_statements": 5, "percent_covered": 100.0, "percent_covered_display": "100", "missing_lines": 0, "excluded_lines": 0, "percent_statements_covered": 100.0, "percent_statements_covered_display": "100", "num_branches": 0, "num_partial_branches": 0, "covered_branches": 0, "missing_branches": 0, "percent_branches_covered": 100.0, "percent_branches_covered_display": "100"}, "missing_lines": [], "excluded_lines": [], "executed_branches": [], "missing_branches": []}, "ReadyCheckView._check_database": {"executed_lines": [278, 279, 280, 281], "summary": {"covered_lines": 4, "num_statements": 6, "percent_covered": 66.66666666666667, "percent_covered_display": "67", "missing_lines": 2, "excluded_lines": 0, "percent_statements_covered": 66.66666666666667, "percent_statements_covered_display": "67", "num_branches": 0, "num_partial_branches": 0, "covered_branches": 0, "missing_branches": 0, "percent_branches_covered": 100.0, "percent_branches_covered_display": "100"}, "missing_lines": [282, 283], "excluded_lines": [], "executed_branches": [], "missing_branches": []}, "ReadyCheckView._check_migrations": {"executed_lines": [287, 289, 290, 291, 292], "summary": {"covered_lines": 5, "num_statements": 7, "percent_covered": 71.42857142857143, "percent_covered_display": "71", "missing_lines": 2, "excluded_lines": 0, "percent_statements_covered": 71.42857142857143, "percent_statements_covered_display": "71", "num_branches": 0, "num_partial_branches": 0, "covered_branches": 0, "missing_branches": 0, "percent_branches_covered": 100.0, "percent_branches_covered_display": "100"}, "missing_lines": [293, 294], "excluded_lines": [], "executed_branches": [], "missing_branches": []}, "ReadyCheckView._check_cache": {"executed_lines": [298, 299, 300, 301, 302], "summary": {"covered_lines": 5, "num_statements": 7, "percent_covered": 71.42857142857143, "percent_covered_display": "71", "missing_lines": 2, "excluded_lines": 0, "percent_statements_covered": 71.42857142857143, "percent_statements_covered_display": "71", "num_branches": 0, "num_partial_branches": 0, "covered_branches": 0, "missing_branches": 0, "percent_branches_covered": 100.0, "percent_branches_covered_display": "100"}, "missing_lines": [303, 304], "excluded_lines": [], "executed_branches": [], "missing_branches": []}, "LivenessCheckView.get": {"executed_lines": [322], "summary": {"covered_lines": 1, "num_statements": 1, "percent_covered": 100.0, "percent_covered_display": "100", "missing_lines": 0, "excluded_lines": 0, "percent_statements_covered": 100.0, "percent_statements_covered_display": "100", "num_branches": 0, "num_partial_branches": 0, "covered_branches": 0, "missing_branches": 0, "percent_branches_covered": 100.0, "percent_branches_covered_display": "100"}, "missing_lines": [], "excluded_lines": [], "executed_branches": [], "missing_branches": []}, "": {"executed_lines": [1, 7, 8, 10, 11, 12, 13, 14, 15, 16, 17, 20, 21, 37, 38, 40, 72, 81, 91, 92, 104, 106, 125, 132, 133, 148, 150, 168, 176, 200, 219, 233, 240, 241, 250, 251, 253, 276, 285, 296, 307, 308, 317, 318, 320], "summary": {"covered_lines": 39, "num_statements": 39, "percent_covered": 100.0, "percent_covered_display": "100", "missing_lines": 0, "excluded_lines": 0, "percent_statements_covered": 100.0, "percent_statements_covered_display": "100", "num_branches": 0, "num_partial_branches": 0, "covered_branches": 0, "missing_branches": 0, "percent_branches_covered": 100.0, "percent_branches_covered_display": "100"}, "missing_lines": [], "excluded_lines": [], "executed_branches": [], "missing_branches": []}}, "classes": {"HealthCheckView": {"executed_lines": [42, 49, 50, 56, 57, 62, 63, 66, 70, 74, 75, 76, 77, 83, 84, 85, 86], "summary": {"covered_lines": 17, "num_statements": 21, "percent_covered": 80.95238095238095, "percent_covered_display": "81", "missing_lines": 4, "excluded_lines": 0, "percent_statements_covered": 80.95238095238095, "percent_statements_covered_display": "81", "num_branches": 0, "num_partial_branches": 0, "covered_branches": 0, "missing_branches": 0, "percent_branches_covered": 100.0, "percent_branches_covered_display": "100"}, "missing_lines": [78, 79, 87, 88], "excluded_lines": [], "executed_branches": [], "missing_branches": []}, "VersionInfoView": {"executed_lines": [108, 110, 112, 113, 114, 115, 123, 127, 129], "summary": {"covered_lines": 9, "num_statements": 9, "percent_covered": 100.0, "percent_covered_display": "100", "missing_lines": 0, "excluded_lines": 0, "percent_statements_covered": 100.0, "percent_statements_covered_display": "100", "num_branches": 0, "num_partial_branches": 0, "covered_branches": 0, "missing_branches": 0, "percent_branches_covered": 100.0, "percent_branches_covered_display": "100"}, "missing_lines": [], "excluded_lines": [], "executed_branches": [], "missing_branches": []}, "MetricsView": {"executed_lines": [153, 154, 158, 166, 170, 178, 179, 181, 187, 189, 202, 204, 205, 206, 207, 209, 221, 223, 235, 237], "summary": {"covered_lines": 20, "num_statements": 24, "percent_covered": 84.61538461538461, "percent_covered_display": "85", "missing_lines": 4, "excluded_lines": 0, "percent_statements_covered": 83.33333333333333, "percent_statements_covered_display": "83", "num_branches": 2, "num_partial_branches": 0, "covered_branches": 2, "missing_branches": 0, "percent_branches_covered": 100.0, "percent_branches_covered_display": "100"}, "missing_lines": [194, 195, 213, 214], "excluded_lines": [], "executed_branches": [[153, 154], [153, 158]], "missing_branches": []}, "ReadyCheckView": {"executed_lines": [255, 261, 263, 271, 274, 278, 279, 280, 281, 287, 289, 290, 291, 292, 298, 299, 300, 301, 302], "summary": {"covered_lines": 19, "num_statements": 25, "percent_covered": 76.0, "percent_covered_display": "76", "missing_lines": 6, "excluded_lines": 0, "percent_statements_covered": 76.0, "percent_statements_covered_display": "76", "num_branches": 0, "num_partial_branches": 0, "covered_branches": 0, "missing_branches": 0, "percent_branches_covered": 100.0, "percent_branches_covered_display": "100"}, "missing_lines": [282, 283, 293, 294, 303, 304], "excluded_lines": [], "executed_branches": [], "missing_branches": []}, "LivenessCheckView": {"executed_lines": [322], "summary": {"covered_lines": 1, "num_statements": 1, "percent_covered": 100.0, "percent_covered_display": "100", "missing_lines": 0, "excluded_lines": 0, "percent_statements_covered": 100.0, "percent_statements_covered_display": "100", "num_branches": 0, "num_partial_branches": 0, "covered_branches": 0, "missing_branches": 0, "percent_branches_covered": 100.0, "percent_branches_covered_display": "100"}, "missing_lines": [], "excluded_lines": [], "executed_branches": [], "missing_branches": []}, "": {"executed_lines": [1, 7, 8, 10, 11, 12, 13, 14, 15, 16, 17, 20, 21, 37, 38, 40, 72, 81, 91, 92, 104, 106, 125, 132, 133, 148, 150, 168, 176, 200, 219, 233, 240, 241, 250, 251, 253, 276, 285, 296, 307, 308, 317, 318, 320], "summary": {"covered_lines": 39, "num_statements": 39, "percent_covered": 100.0, "percent_covered_display": "100", "missing_lines": 0, "excluded_lines": 0, "percent_statements_covered": 100.0, "percent_statements_covered_display": "100", "num_branches": 0, "num_partial_branches": 0, "covered_branches": 0, "missing_branches": 0, "percent_branches_covered": 100.0, "percent_branches_covered_display": "100"}, "missing_lines": [], "excluded_lines": [], "executed_branches": [], "missing_branches": []}}}, "future_skills/api/renderers.py": {"executed_lines": [1, 3, 6, 7, 8, 11, 12, 13], "summary": {"covered_lines": 7, "num_statements": 7, "percent_covered": 100.0, "percent_covered_display": "100", "missing_lines": 0, "excluded_lines": 0, "percent_statements_covered": 100.0, "percent_statements_covered_display": "100", "num_branches": 0, "num_partial_branches": 0, "covered_branches": 0, "missing_branches": 0, "percent_branches_covered": 100.0, "percent_branches_covered_display": "100"}, "missing_lines": [], "excluded_lines": [], "executed_branches": [], "missing_branches": [], "functions": {"": {"executed_lines": [1, 3, 6, 7, 8, 11, 12, 13], "summary": {"covered_lines": 7, "num_statements": 7, "percent_covered": 100.0, "percent_covered_display": "100", "missing_lines": 0, "excluded_lines": 0, "percent_statements_covered": 100.0, "percent_statements_covered_display": "100", "num_branches": 0, "num_partial_branches": 0, "covered_branches": 0, "missing_branches": 0, "percent_branches_covered": 100.0, "percent_branches_covered_display": "100"}, "missing_lines": [], "excluded_lines": [], "executed_branches": [], "missing_branches": []}}, "classes": {"VendorV1JSONRenderer": {"executed_lines": [], "summary": {"covered_lines": 0, "num_statements": 0, "percent_covered": 100.0, "percent_covered_display": "100", "missing_lines": 0, "excluded_lines": 0, "percent_statements_covered": 100.0, "percent_statements_covered_display": "100", "num_branches": 0, "num_partial_branches": 0, "covered_branches": 0, "missing_branches": 0, "percent_branches_covered": 100.0, "percent_branches_covered_display": "100"}, "missing_lines": [], "excluded_lines": [], "executed_branches": [], "missing_branches": []}, "VendorV2JSONRenderer": {"executed_lines": [], "summary": {"covered_lines": 0, "num_statements": 0, "percent_covered": 100.0, "percent_covered_display": "100", "missing_lines": 0, "excluded_lines": 0, "percent_statements_covered": 100.0, "percent_statements_covered_display": "100", "num_branches": 0, "num_partial_branches": 0, "covered_branches": 0, "missing_branches": 0, "percent_branches_covered": 100.0, "percent_branches_covered_display": "100"}, "missing_lines": [], "excluded_lines": [], "executed_branches": [], "missing_branches": []}, "": {"executed_lines": [1, 3, 6, 7, 8, 11, 12, 13], "summary": {"covered_lines": 7, "num_statements": 7, "percent_covered": 100.0, "percent_covered_display": "100", "missing_lines": 0, "excluded_lines": 0, "percent_statements_covered": 100.0, "percent_statements_covered_display": "100", "num_branches": 0, "num_partial_branches": 0, "covered_branches": 0, "missing_branches": 0, "percent_branches_covered": 100.0, "percent_branches_covered_display": "100"}, "missing_lines": [], "excluded_lines": [], "executed_branches": [], "missing_branches": []}}}, "future_skills/api/serializers.py": {"executed_lines": [3, 5, 6, 7, 9, 20, 23, 24, 25, 26, 29, 30, 31, 32, 35, 36, 37, 38, 50, 51, 52, 53, 65, 66, 67, 70, 76, 83, 84, 85, 99, 100, 101, 103, 104, 105, 118, 119, 121, 129, 130, 131, 142, 145, 146, 150, 151, 156, 158, 160, 162, 163, 164, 165, 168, 171, 172, 176, 177, 178, 179, 180, 183, 184, 188, 189, 191, 193, 195, 196, 201, 204, 205, 209, 215, 217, 219, 222, 223, 227, 230, 231, 236, 241, 244, 248, 254, 255, 256, 258, 266, 268, 269, 270, 272, 273, 274, 276, 285, 287, 289, 290, 296, 297, 321, 351, 378, 394, 416, 417, 421, 425, 426, 427, 439, 442, 443, 447, 451, 452, 453, 482, 485, 486, 492, 497, 504, 509, 514, 519, 525, 529, 533, 534, 535, 541, 542, 543, 548, 551, 552, 558, 561, 564, 565, 568, 571, 581, 582, 588, 590, 591, 593, 594, 597, 600, 601, 605, 608, 609, 615], "summary": {"covered_lines": 149, "num_statements": 206, "percent_covered": 66.80327868852459, "percent_covered_display": "67", "missing_lines": 57, "excluded_lines": 0, "percent_statements_covered": 72.33009708737865, "percent_statements_covered_display": "72", "num_branches": 38, "num_partial_branches": 8, "covered_branches": 14, "missing_branches": 24, "percent_branches_covered": 36.8421052631579, "percent_branches_covered_display": "37"}, "missing_lines": [197, 198, 224, 259, 275, 277, 299, 302, 304, 305, 307, 308, 309, 310, 311, 319, 326, 327, 328, 330, 332, 338, 354, 355, 356, 358, 359, 360, 361, 362, 367, 368, 370, 371, 372, 376, 381, 382, 384, 385, 386, 387, 388, 389, 391, 392, 397, 399, 400, 404, 405, 408, 530, 536, 544, 595, 596], "excluded_lines": [], "executed_branches": [[223, 227], [258, 266], [272, 273], [272, 287], [274, 276], [276, 285], [296, 297], [529, 533], [533, 534], [533, 541], [535, 541], [541, 542], [541, 548], [543, 548]], "missing_branches": [[223, 224], [258, 259], [274, 275], [276, 277], [296, 299], [304, 305], [304, 307], [308, 309], [308, 319], [310, 308], [310, 311], [359, 360], [359, 376], [367, 368], [367, 370], [384, 385], [384, 391], [385, 386], [385, 388], [386, 385], [386, 387], [529, 530], [535, 536], [543, 544]], "functions": {"PredictSkillsRequestSerializer.validate_employee_id": {"executed_lines": [160, 162, 163, 164, 165, 168], "summary": {"covered_lines": 6, "num_statements": 6, "percent_covered": 100.0, "percent_covered_display": "100", "missing_lines": 0, "excluded_lines": 0, "percent_statements_covered": 100.0, "percent_statements_covered_display": "100", "num_branches": 0, "num_partial_branches": 0, "covered_branches": 0, "missing_branches": 0, "percent_branches_covered": 100.0, "percent_branches_covered_display": "100"}, "missing_lines": [], "excluded_lines": [], "executed_branches": [], "missing_branches": []}, "RecommendSkillsRequestSerializer.validate_employee_id": {"executed_lines": [193, 195, 196, 201], "summary": {"covered_lines": 4, "num_statements": 6, "percent_covered": 66.66666666666667, "percent_covered_display": "67", "missing_lines": 2, "excluded_lines": 0, "percent_statements_covered": 66.66666666666667, "percent_statements_covered_display": "67", "num_branches": 0, "num_partial_branches": 0, "covered_branches": 0, "missing_branches": 0, "percent_branches_covered": 100.0, "percent_branches_covered_display": "100"}, "missing_lines": [197, 198], "excluded_lines": [], "executed_branches": [], "missing_branches": []}, "BulkPredictRequestSerializer.validate_employee_ids": {"executed_lines": [217, 219, 222, 223, 227], "summary": {"covered_lines": 5, "num_statements": 6, "percent_covered": 75.0, "percent_covered_display": "75", "missing_lines": 1, "excluded_lines": 0, "percent_statements_covered": 83.33333333333333, "percent_statements_covered_display": "83", "num_branches": 2, "num_partial_branches": 1, "covered_branches": 1, "missing_branches": 1, "percent_branches_covered": 50.0, "percent_branches_covered_display": "50"}, "missing_lines": [224], "excluded_lines": [], "executed_branches": [[223, 227]], "missing_branches": [[223, 224]]}, "BulkEmployeeImportSerializer.validate_employees": {"executed_lines": [254, 255, 256, 258, 266], "summary": {"covered_lines": 5, "num_statements": 6, "percent_covered": 75.0, "percent_covered_display": "75", "missing_lines": 1, "excluded_lines": 0, "percent_statements_covered": 83.33333333333333, "percent_statements_covered_display": "83", "num_branches": 2, "num_partial_branches": 1, "covered_branches": 1, "missing_branches": 1, "percent_branches_covered": 50.0, "percent_branches_covered_display": "50"}, "missing_lines": [259], "excluded_lines": [], "executed_branches": [[258, 266]], "missing_branches": [[258, 259]]}, "BulkEmployeeImportSerializer._collect_duplicate_email_errors": {"executed_lines": [269, 270, 272, 273, 274, 276, 285, 287], "summary": {"covered_lines": 8, "num_statements": 10, "percent_covered": 75.0, "percent_covered_display": "75", "missing_lines": 2, "excluded_lines": 0, "percent_statements_covered": 80.0, "percent_statements_covered_display": "80", "num_branches": 6, "num_partial_branches": 2, "covered_branches": 4, "missing_branches": 2, "percent_branches_covered": 66.66666666666667, "percent_branches_covered_display": "67"}, "missing_lines": [275, 277], "excluded_lines": [], "executed_branches": [[272, 273], [272, 287], [274, 276], [276, 285]], "missing_branches": [[274, 275], [276, 277]]}, "BulkEmployeeImportSerializer._collect_missing_job_role_errors": {"executed_lines": [290, 296, 297], "summary": {"covered_lines": 3, "num_statements": 13, "percent_covered": 19.047619047619047, "percent_covered_display": "19", "missing_lines": 10, "excluded_lines": 0, "percent_statements_covered": 23.076923076923077, "percent_statements_covered_display": "23", "num_branches": 8, "num_partial_branches": 1, "covered_branches": 1, "missing_branches": 7, "percent_branches_covered": 12.5, "percent_branches_covered_display": "12"}, "missing_lines": [299, 302, 304, 305, 307, 308, 309, 310, 311, 319], "excluded_lines": [], "executed_branches": [[296, 297]], "missing_branches": [[296, 299], [304, 305], [304, 307], [308, 309], [308, 319], [310, 308], [310, 311]]}, "BulkEmployeeImportSerializer.create": {"executed_lines": [], "summary": {"covered_lines": 0, "num_statements": 6, "percent_covered": 0.0, "percent_covered_display": "0", "missing_lines": 6, "excluded_lines": 0, "percent_statements_covered": 0.0, "percent_statements_covered_display": "0", "num_branches": 0, "num_partial_branches": 0, "covered_branches": 0, "missing_branches": 0, "percent_branches_covered": 100.0, "percent_branches_covered_display": "100"}, "missing_lines": [326, 327, 328, 330, 332, 338], "excluded_lines": [], "executed_branches": [], "missing_branches": []}, "BulkEmployeeImportSerializer._upsert_employees": {"executed_lines": [], "summary": {"covered_lines": 0, "num_statements": 14, "percent_covered": 0.0, "percent_covered_display": "0", "missing_lines": 14, "excluded_lines": 0, "percent_statements_covered": 0.0, "percent_statements_covered_display": "0", "num_branches": 4, "num_partial_branches": 0, "covered_branches": 0, "missing_branches": 4, "percent_branches_covered": 0.0, "percent_branches_covered_display": "0"}, "missing_lines": [354, 355, 356, 358, 359, 360, 361, 362, 367, 368, 370, 371, 372, 376], "excluded_lines": [], "executed_branches": [], "missing_branches": [[359, 360], [359, 376], [367, 368], [367, 370]]}, "BulkEmployeeImportSerializer._persist_employee": {"executed_lines": [], "summary": {"covered_lines": 0, "num_statements": 10, "percent_covered": 0.0, "percent_covered_display": "0", "missing_lines": 10, "excluded_lines": 0, "percent_statements_covered": 0.0, "percent_statements_covered_display": "0", "num_branches": 6, "num_partial_branches": 0, "covered_branches": 0, "missing_branches": 6, "percent_branches_covered": 0.0, "percent_branches_covered_display": "0"}, "missing_lines": [381, 382, 384, 385, 386, 387, 388, 389, 391, 392], "excluded_lines": [], "executed_branches": [], "missing_branches": [[384, 385], [384, 391], [385, 386], [385, 388], [386, 385], [386, 387]]}, "BulkEmployeeImportSerializer._trigger_prediction_recalculation": {"executed_lines": [], "summary": {"covered_lines": 0, "num_statements": 6, "percent_covered": 0.0, "percent_covered_display": "0", "missing_lines": 6, "excluded_lines": 0, "percent_statements_covered": 0.0, "percent_statements_covered_display": "0", "num_branches": 0, "num_partial_branches": 0, "covered_branches": 0, "missing_branches": 0, "percent_branches_covered": 100.0, "percent_branches_covered_display": "100"}, "missing_lines": [397, 399, 400, 404, 405, 408], "excluded_lines": [], "executed_branches": [], "missing_branches": []}, "TrainModelRequestSerializer.validate_hyperparameters": {"executed_lines": [529, 533, 534, 535, 541, 542, 543, 548], "summary": {"covered_lines": 8, "num_statements": 11, "percent_covered": 71.42857142857143, "percent_covered_display": "71", "missing_lines": 3, "excluded_lines": 0, "percent_statements_covered": 72.72727272727273, "percent_statements_covered_display": "73", "num_branches": 10, "num_partial_branches": 3, "covered_branches": 7, "missing_branches": 3, "percent_branches_covered": 70.0, "percent_branches_covered_display": "70"}, "missing_lines": [530, 536, 544], "excluded_lines": [], "executed_branches": [[529, 533], [533, 534], [533, 541], [535, 541], [541, 542], [541, 548], [543, 548]], "missing_branches": [[529, 530], [535, 536], [543, 544]]}, "AddSkillToEmployeeSerializer.validate_skill_id": {"executed_lines": [591, 593, 594, 597], "summary": {"covered_lines": 4, "num_statements": 6, "percent_covered": 66.66666666666667, "percent_covered_display": "67", "missing_lines": 2, "excluded_lines": 0, "percent_statements_covered": 66.66666666666667, "percent_statements_covered_display": "67", "num_branches": 0, "num_partial_branches": 0, "covered_branches": 0, "missing_branches": 0, "percent_branches_covered": 100.0, "percent_branches_covered_display": "100"}, "missing_lines": [595, 596], "excluded_lines": [], "executed_branches": [], "missing_branches": []}, "": {"executed_lines": [3, 5, 6, 7, 9, 20, 23, 24, 25, 26, 29, 30, 31, 32, 35, 36, 37, 38, 50, 51, 52, 53, 65, 66, 67, 70, 76, 83, 84, 85, 99, 100, 101, 103, 104, 105, 118, 119, 121, 129, 130, 131, 142, 145, 146, 150, 151, 156, 158, 171, 172, 176, 177, 178, 179, 180, 183, 184, 188, 189, 191, 204, 205, 209, 215, 230, 231, 236, 241, 244, 248, 268, 289, 321, 351, 378, 394, 416, 417, 421, 425, 426, 427, 439, 442, 443, 447, 451, 452, 453, 482, 485, 486, 492, 497, 504, 509, 514, 519, 525, 551, 552, 558, 561, 564, 565, 568, 571, 581, 582, 588, 590, 600, 601, 605, 608, 609, 615], "summary": {"covered_lines": 106, "num_statements": 106, "percent_covered": 100.0, "percent_covered_display": "100", "missing_lines": 0, "excluded_lines": 0, "percent_statements_covered": 100.0, "percent_statements_covered_display": "100", "num_branches": 0, "num_partial_branches": 0, "covered_branches": 0, "missing_branches": 0, "percent_branches_covered": 100.0, "percent_branches_covered_display": "100"}, "missing_lines": [], "excluded_lines": [], "executed_branches": [], "missing_branches": []}}, "classes": {"SkillSerializer": {"executed_lines": [], "summary": {"covered_lines": 0, "num_statements": 0, "percent_covered": 100.0, "percent_covered_display": "100", "missing_lines": 0, "excluded_lines": 0, "percent_statements_covered": 100.0, "percent_statements_covered_display": "100", "num_branches": 0, "num_partial_branches": 0, "covered_branches": 0, "missing_branches": 0, "percent_branches_covered": 100.0, "percent_branches_covered_display": "100"}, "missing_lines": [], "excluded_lines": [], "executed_branches": [], "missing_branches": []}, "SkillSerializer.Meta": {"executed_lines": [], "summary": {"covered_lines": 0, "num_statements": 0, "percent_covered": 100.0, "percent_covered_display": "100", "missing_lines": 0, "excluded_lines": 0, "percent_statements_covered": 100.0, "percent_statements_covered_display": "100", "num_branches": 0, "num_partial_branches": 0, "covered_branches": 0, "missing_branches": 0, "percent_branches_covered": 100.0, "percent_branches_covered_display": "100"}, "missing_lines": [], "excluded_lines": [], "executed_branches": [], "missing_branches": []}, "JobRoleSerializer": {"executed_lines": [], "summary": {"covered_lines": 0, "num_statements": 0, "percent_covered": 100.0, "percent_covered_display": "100", "missing_lines": 0, "excluded_lines": 0, "percent_statements_covered": 100.0, "percent_statements_covered_display": "100", "num_branches": 0, "num_partial_branches": 0, "covered_branches": 0, "missing_branches": 0, "percent_branches_covered": 100.0, "percent_branches_covered_display": "100"}, "missing_lines": [], "excluded_lines": [], "executed_branches": [], "missing_branches": []}, "JobRoleSerializer.Meta": {"executed_lines": [], "summary": {"covered_lines": 0, "num_statements": 0, "percent_covered": 100.0, "percent_covered_display": "100", "missing_lines": 0, "excluded_lines": 0, "percent_statements_covered": 100.0, "percent_statements_covered_display": "100", "num_branches": 0, "num_partial_branches": 0, "covered_branches": 0, "missing_branches": 0, "percent_branches_covered": 100.0, "percent_branches_covered_display": "100"}, "missing_lines": [], "excluded_lines": [], "executed_branches": [], "missing_branches": []}, "MarketTrendSerializer": {"executed_lines": [], "summary": {"covered_lines": 0, "num_statements": 0, "percent_covered": 100.0, "percent_covered_display": "100", "missing_lines": 0, "excluded_lines": 0, "percent_statements_covered": 100.0, "percent_statements_covered_display": "100", "num_branches": 0, "num_partial_branches": 0, "covered_branches": 0, "missing_branches": 0, "percent_branches_covered": 100.0, "percent_branches_covered_display": "100"}, "missing_lines": [], "excluded_lines": [], "executed_branches": [], "missing_branches": []}, "MarketTrendSerializer.Meta": {"executed_lines": [], "summary": {"covered_lines": 0, "num_statements": 0, "percent_covered": 100.0, "percent_covered_display": "100", "missing_lines": 0, "excluded_lines": 0, "percent_statements_covered": 100.0, "percent_statements_covered_display": "100", "num_branches": 0, "num_partial_branches": 0, "covered_branches": 0, "missing_branches": 0, "percent_branches_covered": 100.0, "percent_branches_covered_display": "100"}, "missing_lines": [], "excluded_lines": [], "executed_branches": [], "missing_branches": []}, "EconomicReportSerializer": {"executed_lines": [], "summary": {"covered_lines": 0, "num_statements": 0, "percent_covered": 100.0, "percent_covered_display": "100", "missing_lines": 0, "excluded_lines": 0, "percent_statements_covered": 100.0, "percent_statements_covered_display": "100", "num_branches": 0, "num_partial_branches": 0, "covered_branches": 0, "missing_branches": 0, "percent_branches_covered": 100.0, "percent_branches_covered_display": "100"}, "missing_lines": [], "excluded_lines": [], "executed_branches": [], "missing_branches": []}, "EconomicReportSerializer.Meta": {"executed_lines": [], "summary": {"covered_lines": 0, "num_statements": 0, "percent_covered": 100.0, "percent_covered_display": "100", "missing_lines": 0, "excluded_lines": 0, "percent_statements_covered": 100.0, "percent_statements_covered_display": "100", "num_branches": 0, "num_partial_branches": 0, "covered_branches": 0, "missing_branches": 0, "percent_branches_covered": 100.0, "percent_branches_covered_display": "100"}, "missing_lines": [], "excluded_lines": [], "executed_branches": [], "missing_branches": []}, "FutureSkillPredictionSerializer": {"executed_lines": [], "summary": {"covered_lines": 0, "num_statements": 0, "percent_covered": 100.0, "percent_covered_display": "100", "missing_lines": 0, "excluded_lines": 0, "percent_statements_covered": 100.0, "percent_statements_covered_display": "100", "num_branches": 0, "num_partial_branches": 0, "covered_branches": 0, "missing_branches": 0, "percent_branches_covered": 100.0, "percent_branches_covered_display": "100"}, "missing_lines": [], "excluded_lines": [], "executed_branches": [], "missing_branches": []}, "FutureSkillPredictionSerializer.Meta": {"executed_lines": [], "summary": {"covered_lines": 0, "num_statements": 0, "percent_covered": 100.0, "percent_covered_display": "100", "missing_lines": 0, "excluded_lines": 0, "percent_statements_covered": 100.0, "percent_statements_covered_display": "100", "num_branches": 0, "num_partial_branches": 0, "covered_branches": 0, "missing_branches": 0, "percent_branches_covered": 100.0, "percent_branches_covered_display": "100"}, "missing_lines": [], "excluded_lines": [], "executed_branches": [], "missing_branches": []}, "HRInvestmentRecommendationSerializer": {"executed_lines": [], "summary": {"covered_lines": 0, "num_statements": 0, "percent_covered": 100.0, "percent_covered_display": "100", "missing_lines": 0, "excluded_lines": 0, "percent_statements_covered": 100.0, "percent_statements_covered_display": "100", "num_branches": 0, "num_partial_branches": 0, "covered_branches": 0, "missing_branches": 0, "percent_branches_covered": 100.0, "percent_branches_covered_display": "100"}, "missing_lines": [], "excluded_lines": [], "executed_branches": [], "missing_branches": []}, "HRInvestmentRecommendationSerializer.Meta": {"executed_lines": [], "summary": {"covered_lines": 0, "num_statements": 0, "percent_covered": 100.0, "percent_covered_display": "100", "missing_lines": 0, "excluded_lines": 0, "percent_statements_covered": 100.0, "percent_statements_covered_display": "100", "num_branches": 0, "num_partial_branches": 0, "covered_branches": 0, "missing_branches": 0, "percent_branches_covered": 100.0, "percent_branches_covered_display": "100"}, "missing_lines": [], "excluded_lines": [], "executed_branches": [], "missing_branches": []}, "EmployeeSerializer": {"executed_lines": [], "summary": {"covered_lines": 0, "num_statements": 0, "percent_covered": 100.0, "percent_covered_display": "100", "missing_lines": 0, "excluded_lines": 0, "percent_statements_covered": 100.0, "percent_statements_covered_display": "100", "num_branches": 0, "num_partial_branches": 0, "covered_branches": 0, "missing_branches": 0, "percent_branches_covered": 100.0, "percent_branches_covered_display": "100"}, "missing_lines": [], "excluded_lines": [], "executed_branches": [], "missing_branches": []}, "EmployeeSerializer.Meta": {"executed_lines": [], "summary": {"covered_lines": 0, "num_statements": 0, "percent_covered": 100.0, "percent_covered_display": "100", "missing_lines": 0, "excluded_lines": 0, "percent_statements_covered": 100.0, "percent_statements_covered_display": "100", "num_branches": 0, "num_partial_branches": 0, "covered_branches": 0, "missing_branches": 0, "percent_branches_covered": 100.0, "percent_branches_covered_display": "100"}, "missing_lines": [], "excluded_lines": [], "executed_branches": [], "missing_branches": []}, "PredictSkillsRequestSerializer": {"executed_lines": [160, 162, 163, 164, 165, 168], "summary": {"covered_lines": 6, "num_statements": 6, "percent_covered": 100.0, "percent_covered_display": "100", "missing_lines": 0, "excluded_lines": 0, "percent_statements_covered": 100.0, "percent_statements_covered_display": "100", "num_branches": 0, "num_partial_branches": 0, "covered_branches": 0, "missing_branches": 0, "percent_branches_covered": 100.0, "percent_branches_covered_display": "100"}, "missing_lines": [], "excluded_lines": [], "executed_branches": [], "missing_branches": []}, "PredictSkillsResponseSerializer": {"executed_lines": [], "summary": {"covered_lines": 0, "num_statements": 0, "percent_covered": 100.0, "percent_covered_display": "100", "missing_lines": 0, "excluded_lines": 0, "percent_statements_covered": 100.0, "percent_statements_covered_display": "100", "num_branches": 0, "num_partial_branches": 0, "covered_branches": 0, "missing_branches": 0, "percent_branches_covered": 100.0, "percent_branches_covered_display": "100"}, "missing_lines": [], "excluded_lines": [], "executed_branches": [], "missing_branches": []}, "RecommendSkillsRequestSerializer": {"executed_lines": [193, 195, 196, 201], "summary": {"covered_lines": 4, "num_statements": 6, "percent_covered": 66.66666666666667, "percent_covered_display": "67", "missing_lines": 2, "excluded_lines": 0, "percent_statements_covered": 66.66666666666667, "percent_statements_covered_display": "67", "num_branches": 0, "num_partial_branches": 0, "covered_branches": 0, "missing_branches": 0, "percent_branches_covered": 100.0, "percent_branches_covered_display": "100"}, "missing_lines": [197, 198], "excluded_lines": [], "executed_branches": [], "missing_branches": []}, "BulkPredictRequestSerializer": {"executed_lines": [217, 219, 222, 223, 227], "summary": {"covered_lines": 5, "num_statements": 6, "percent_covered": 75.0, "percent_covered_display": "75", "missing_lines": 1, "excluded_lines": 0, "percent_statements_covered": 83.33333333333333, "percent_statements_covered_display": "83", "num_branches": 2, "num_partial_branches": 1, "covered_branches": 1, "missing_branches": 1, "percent_branches_covered": 50.0, "percent_branches_covered_display": "50"}, "missing_lines": [224], "excluded_lines": [], "executed_branches": [[223, 227]], "missing_branches": [[223, 224]]}, "BulkEmployeeImportSerializer": {"executed_lines": [254, 255, 256, 258, 266, 269, 270, 272, 273, 274, 276, 285, 287, 290, 296, 297], "summary": {"covered_lines": 16, "num_statements": 65, "percent_covered": 24.175824175824175, "percent_covered_display": "24", "missing_lines": 49, "excluded_lines": 0, "percent_statements_covered": 24.615384615384617, "percent_statements_covered_display": "25", "num_branches": 26, "num_partial_branches": 4, "covered_branches": 6, "missing_branches": 20, "percent_branches_covered": 23.076923076923077, "percent_branches_covered_display": "23"}, "missing_lines": [259, 275, 277, 299, 302, 304, 305, 307, 308, 309, 310, 311, 319, 326, 327, 328, 330, 332, 338, 354, 355, 356, 358, 359, 360, 361, 362, 367, 368, 370, 371, 372, 376, 381, 382, 384, 385, 386, 387, 388, 389, 391, 392, 397, 399, 400, 404, 405, 408], "excluded_lines": [], "executed_branches": [[258, 266], [272, 273], [272, 287], [274, 276], [276, 285], [296, 297]], "missing_branches": [[258, 259], [274, 275], [276, 277], [296, 299], [304, 305], [304, 307], [308, 309], [308, 319], [310, 308], [310, 311], [359, 360], [359, 376], [367, 368], [367, 370], [384, 385], [384, 391], [385, 386], [385, 388], [386, 385], [386, 387]]}, "TrainingRunSerializer": {"executed_lines": [], "summary": {"covered_lines": 0, "num_statements": 0, "percent_covered": 100.0, "percent_covered_display": "100", "missing_lines": 0, "excluded_lines": 0, "percent_statements_covered": 100.0, "percent_statements_covered_display": "100", "num_branches": 0, "num_partial_branches": 0, "covered_branches": 0, "missing_branches": 0, "percent_branches_covered": 100.0, "percent_branches_covered_display": "100"}, "missing_lines": [], "excluded_lines": [], "executed_branches": [], "missing_branches": []}, "TrainingRunSerializer.Meta": {"executed_lines": [], "summary": {"covered_lines": 0, "num_statements": 0, "percent_covered": 100.0, "percent_covered_display": "100", "missing_lines": 0, "excluded_lines": 0, "percent_statements_covered": 100.0, "percent_statements_covered_display": "100", "num_branches": 0, "num_partial_branches": 0, "covered_
[...]
ed_branches": [[262, 263], [262, 268], [263, 264], [263, 266]], "missing_branches": []}, "ModelTrainer.train": {"executed_lines": [290, 293, 294, 296, 298, 299, 302, 312, 315, 320, 321, 322, 323, 324, 327, 328, 331, 334, 335, 337, 338, 342, 347, 352, 355, 365, 366, 367, 370, 373, 374, 377, 380, 385, 386, 388], "summary": {"covered_lines": 36, "num_statements": 42, "percent_covered": 84.0, "percent_covered_display": "84", "missing_lines": 6, "excluded_lines": 0, "percent_statements_covered": 85.71428571428571, "percent_statements_covered_display": "86", "num_branches": 8, "num_partial_branches": 2, "covered_branches": 6, "missing_branches": 2, "percent_branches_covered": 75.0, "percent_branches_covered_display": "75"}, "missing_lines": [291, 390, 391, 392, 395, 398], "excluded_lines": [], "executed_branches": [[290, 293], [365, 366], [365, 370], [373, 374], [374, 377], [374, 380]], "missing_branches": [[290, 291], [373, 380]]}, "ModelTrainer._build_pipeline": {"executed_lines": [403, 406, 409, 417, 420, 428], "summary": {"covered_lines": 6, "num_statements": 6, "percent_covered": 100.0, "percent_covered_display": "100", "missing_lines": 0, "excluded_lines": 0, "percent_statements_covered": 100.0, "percent_statements_covered_display": "100", "num_branches": 0, "num_partial_branches": 0, "covered_branches": 0, "missing_branches": 0, "percent_branches_covered": 100.0, "percent_branches_covered_display": "100"}, "missing_lines": [], "excluded_lines": [], "executed_branches": [], "missing_branches": []}, "ModelTrainer.evaluate": {"executed_lines": [444, 447, 449, 451, 454, 455, 463, 464, 465, 466, 469, 470, 473, 476, 477, 479, 488], "summary": {"covered_lines": 17, "num_statements": 21, "percent_covered": 78.26086956521739, "percent_covered_display": "78", "missing_lines": 4, "excluded_lines": 0, "percent_statements_covered": 80.95238095238095, "percent_statements_covered_display": "81", "num_branches": 2, "num_partial_branches": 1, "covered_branches": 1, "missing_branches": 1, "percent_branches_covered": 50.0, "percent_branches_covered_display": "50"}, "missing_lines": [445, 490, 491, 492], "excluded_lines": [], "executed_branches": [[444, 447]], "missing_branches": [[444, 445]]}, "ModelTrainer._compute_per_class_metrics": {"executed_lines": [496, 498, 499, 500, 501, 503, 505, 506, 508], "summary": {"covered_lines": 9, "num_statements": 9, "percent_covered": 100.0, "percent_covered_display": "100", "missing_lines": 0, "excluded_lines": 0, "percent_statements_covered": 100.0, "percent_statements_covered_display": "100", "num_branches": 4, "num_partial_branches": 0, "covered_branches": 4, "missing_branches": 0, "percent_branches_covered": 100.0, "percent_branches_covered_display": "100"}, "missing_lines": [], "excluded_lines": [], "executed_branches": [[498, 499], [498, 508], [500, 501], [500, 503]], "missing_branches": []}, "ModelTrainer.save_model": {"executed_lines": [520, 523, 524, 526, 527, 528, 529], "summary": {"covered_lines": 7, "num_statements": 11, "percent_covered": 61.53846153846154, "percent_covered_display": "62", "missing_lines": 4, "excluded_lines": 0, "percent_statements_covered": 63.63636363636363, "percent_statements_covered_display": "64", "num_branches": 2, "num_partial_branches": 1, "covered_branches": 1, "missing_branches": 1, "percent_branches_covered": 50.0, "percent_branches_covered_display": "50"}, "missing_lines": [521, 531, 532, 533], "excluded_lines": [], "executed_branches": [[520, 523]], "missing_branches": [[520, 521]]}, "ModelTrainer.get_feature_importance": {"executed_lines": [545, 548, 549, 551, 556, 558, 559, 560, 561, 562, 566, 568, 576, 582, 587, 588, 589, 591], "summary": {"covered_lines": 18, "num_statements": 26, "percent_covered": 65.78947368421052, "percent_covered_display": "66", "missing_lines": 8, "excluded_lines": 0, "percent_statements_covered": 69.23076923076923, "percent_statements_covered_display": "69", "num_branches": 12, "num_partial_branches": 5, "covered_branches": 7, "missing_branches": 5, "percent_branches_covered": 58.333333333333336, "percent_branches_covered_display": "58"}, "missing_lines": [546, 552, 553, 569, 573, 593, 594, 595], "excluded_lines": [], "executed_branches": [[545, 548], [551, 556], [559, 560], [561, 562], [568, 576], [588, 589], [588, 591]], "missing_branches": [[545, 546], [551, 552], [559, 566], [561, 566], [568, 569]]}, "ModelTrainer.save_training_run": {"executed_lines": [622, 625, 626, 628, 629, 632, 633, 635, 641, 649, 650], "summary": {"covered_lines": 11, "num_statements": 15, "percent_covered": 70.58823529411765, "percent_covered_display": "71", "missing_lines": 4, "excluded_lines": 0, "percent_statements_covered": 73.33333333333333, "percent_statements_covered_display": "73", "num_branches": 2, "num_partial_branches": 1, "covered_branches": 1, "missing_branches": 1, "percent_branches_covered": 50.0, "percent_branches_covered_display": "50"}, "missing_lines": [623, 652, 653, 654], "excluded_lines": [], "executed_branches": [[622, 625]], "missing_branches": [[622, 623]]}, "ModelTrainer._build_version_metadata": {"executed_lines": [660, 665, 666, 687, 688, 689, 694], "summary": {"covered_lines": 7, "num_statements": 7, "percent_covered": 100.0, "percent_covered_display": "100", "missing_lines": 0, "excluded_lines": 0, "percent_statements_covered": 100.0, "percent_statements_covered_display": "100", "num_branches": 0, "num_partial_branches": 0, "covered_branches": 0, "missing_branches": 0, "percent_branches_covered": 100.0, "percent_branches_covered_display": "100"}, "missing_lines": [], "excluded_lines": [], "executed_branches": [], "missing_branches": []}, "ModelTrainer._build_version_metadata._semver_fallback": {"executed_lines": [662, 663], "summary": {"covered_lines": 2, "num_statements": 2, "percent_covered": 100.0, "percent_covered_display": "100", "missing_lines": 0, "excluded_lines": 0, "percent_statements_covered": 100.0, "percent_statements_covered_display": "100", "num_branches": 0, "num_partial_branches": 0, "covered_branches": 0, "missing_branches": 0, "percent_branches_covered": 100.0, "percent_branches_covered_display": "100"}, "missing_lines": [], "excluded_lines": [], "executed_branches": [], "missing_branches": []}, "ModelTrainer._handle_auto_promotion": {"executed_lines": [725, 728, 729, 747, 748, 749, 750], "summary": {"covered_lines": 7, "num_statements": 17, "percent_covered": 39.130434782608695, "percent_covered_display": "39", "missing_lines": 10, "excluded_lines": 0, "percent_statements_covered": 41.1764705882353, "percent_statements_covered_display": "41", "num_branches": 6, "num_partial_branches": 2, "covered_branches": 2, "missing_branches": 4, "percent_branches_covered": 33.333333333333336, "percent_branches_covered_display": "33"}, "missing_lines": [726, 730, 737, 738, 739, 740, 741, 742, 744, 745], "excluded_lines": [], "executed_branches": [[725, 728], [729, 747]], "missing_branches": [[725, 726], [729, 730], [737, 738], [737, 744]]}, "ModelTrainer._transition_mlflow_model": {"executed_lines": [], "summary": {"covered_lines": 0, "num_statements": 8, "percent_covered": 0.0, "percent_covered_display": "0", "missing_lines": 8, "excluded_lines": 0, "percent_statements_covered": 0.0, "percent_statements_covered_display": "0", "num_branches": 2, "num_partial_branches": 0, "covered_branches": 0, "missing_branches": 2, "percent_branches_covered": 0.0, "percent_branches_covered_display": "0"}, "missing_lines": [755, 756, 757, 760, 761, 767, 768, 769], "excluded_lines": [], "executed_branches": [], "missing_branches": [[760, -752], [760, 761]]}, "ModelTrainer._create_training_run_record": {"executed_lines": [782, 809, 810], "summary": {"covered_lines": 3, "num_statements": 3, "percent_covered": 100.0, "percent_covered_display": "100", "missing_lines": 0, "excluded_lines": 0, "percent_statements_covered": 100.0, "percent_statements_covered_display": "100", "num_branches": 0, "num_partial_branches": 0, "covered_branches": 0, "missing_branches": 0, "percent_branches_covered": 100.0, "percent_branches_covered_display": "100"}, "missing_lines": [], "excluded_lines": [], "executed_branches": [], "missing_branches": []}, "ModelTrainer._log_promotion": {"executed_lines": [816, 817], "summary": {"covered_lines": 2, "num_statements": 2, "percent_covered": 75.0, "percent_covered_display": "75", "missing_lines": 0, "excluded_lines": 0, "percent_statements_covered": 100.0, "percent_statements_covered_display": "100", "num_branches": 2, "num_partial_branches": 1, "covered_branches": 1, "missing_branches": 1, "percent_branches_covered": 50.0, "percent_branches_covered_display": "50"}, "missing_lines": [], "excluded_lines": [], "executed_branches": [[816, 817]], "missing_branches": [[816, -812]]}, "ModelTrainer.save_failed_training_run": {"executed_lines": [], "summary": {"covered_lines": 0, "num_statements": 8, "percent_covered": 0.0, "percent_covered_display": "0", "missing_lines": 8, "excluded_lines": 0, "percent_statements_covered": 0.0, "percent_statements_covered_display": "0", "num_branches": 0, "num_partial_branches": 0, "covered_branches": 0, "missing_branches": 0, "percent_branches_covered": 100.0, "percent_branches_covered_display": "100"}, "missing_lines": [834, 835, 837, 862, 863, 865, 866, 867], "excluded_lines": [], "executed_branches": [], "missing_branches": []}, "": {"executed_lines": [3, 10, 11, 12, 13, 14, 16, 17, 18, 19, 20, 21, 22, 23, 29, 30, 31, 33, 34, 35, 42, 45, 46, 49, 50, 53, 54, 57, 58, 79, 80, 82, 96, 140, 141, 144, 145, 148, 149, 152, 153, 156, 257, 271, 400, 430, 494, 510, 535, 597, 656, 716, 752, 771, 812, 813, 819], "summary": {"covered_lines": 52, "num_statements": 52, "percent_covered": 100.0, "percent_covered_display": "100", "missing_lines": 0, "excluded_lines": 0, "percent_statements_covered": 100.0, "percent_statements_covered_display": "100", "num_branches": 0, "num_partial_branches": 0, "covered_branches": 0, "missing_branches": 0, "percent_branches_covered": 100.0, "percent_branches_covered_display": "100"}, "missing_lines": [], "excluded_lines": [], "executed_branches": [], "missing_branches": []}}, "classes": {"ModelTrainerError": {"executed_lines": [], "summary": {"covered_lines": 0, "num_statements": 0, "percent_covered": 100.0, "percent_covered_display": "100", "missing_lines": 0, "excluded_lines": 0, "percent_statements_covered": 100.0, "percent_statements_covered_display": "100", "num_branches": 0, "num_partial_branches": 0, "covered_branches": 0, "missing_branches": 0, "percent_branches_covered": 100.0, "percent_branches_covered_display": "100"}, "missing_lines": [], "excluded_lines": [], "executed_branches": [], "missing_branches": []}, "DataLoadError": {"executed_lines": [], "summary": {"covered_lines": 0, "num_statements": 0, "percent_covered": 100.0, "percent_covered_display": "100", "missing_lines": 0, "excluded_lines": 0, "percent_statements_covered": 100.0, "percent_statements_covered_display": "100", "num_branches": 0, "num_partial_branches": 0, "covered_branches": 0, "missing_branches": 0, "percent_branches_covered": 100.0, "percent_branches_covered_display": "100"}, "missing_lines": [], "excluded_lines": [], "executed_branches": [], "missing_branches": []}, "TrainingError": {"executed_lines": [], "summary": {"covered_lines": 0, "num_statements": 0, "percent_covered": 100.0, "percent_covered_display": "100", "missing_lines": 0, "excluded_lines": 0, "percent_statements_covered": 100.0, "percent_statements_covered_display": "100", "num_branches": 0, "num_partial_branches": 0, "covered_branches": 0, "missing_branches": 0, "percent_branches_covered": 100.0, "percent_branches_covered_display": "100"}, "missing_lines": [], "excluded_lines": [], "executed_branches": [], "missing_branches": []}, "ModelTrainer": {"executed_lines": [107, 108, 109, 112, 113, 114, 115, 116, 117, 118, 119, 120, 123, 124, 125, 126, 129, 130, 131, 132, 133, 135, 142, 146, 166, 168, 171, 173, 174, 177, 184, 185, 188, 190, 195, 200, 203, 207, 210, 215, 218, 221, 222, 225, 226, 229, 230, 231, 238, 246, 259, 260, 262, 263, 264, 266, 268, 269, 290, 293, 294, 296, 298, 299, 302, 312, 315, 320, 321, 322, 323, 324, 327, 328, 331, 334, 335, 337, 338, 342, 347, 352, 355, 365, 366, 367, 370, 373, 374, 377, 380, 385, 386, 388, 403, 406, 409, 417, 420, 428, 444, 447, 449, 451, 454, 455, 463, 464, 465, 466, 469, 470, 473, 476, 477, 479, 488, 496, 498, 499, 500, 501, 503, 505, 506, 508, 520, 523, 524, 526, 527, 528, 529, 545, 548, 549, 551, 556, 558, 559, 560, 561, 562, 566, 568, 576, 582, 587, 588, 589, 591, 622, 625, 626, 628, 629, 632, 633, 635, 641, 649, 650, 660, 662, 663, 665, 666, 687, 688, 689, 694, 725, 728, 729, 747, 748, 749, 750, 782, 809, 810, 816, 817], "summary": {"covered_lines": 183, "num_statements": 251, "percent_covered": 70.22653721682848, "percent_covered_display": "70", "missing_lines": 68, "excluded_lines": 0, "percent_statements_covered": 72.90836653386454, "percent_statements_covered_display": "73", "num_branches": 58, "num_partial_branches": 20, "covered_branches": 34, "missing_branches": 24, "percent_branches_covered": 58.62068965517241, "percent_branches_covered_display": "59"}, "missing_lines": [150, 154, 169, 178, 191, 196, 197, 208, 211, 232, 250, 251, 252, 253, 254, 255, 291, 390, 391, 392, 395, 398, 445, 490, 491, 492, 521, 531, 532, 533, 546, 552, 553, 569, 573, 593, 594, 595, 623, 652, 653, 654, 726, 730, 737, 738, 739, 740, 741, 742, 744, 745, 755, 756, 757, 760, 761, 767, 768, 769, 834, 835, 837, 862, 863, 865, 866, 867], "excluded_lines": [], "executed_branches": [[168, 171], [177, 184], [190, 195], [195, 200], [207, 210], [210, 215], [231, 238], [262, 263], [262, 268], [263, 264], [263, 266], [290, 293], [365, 366], [365, 370], [373, 374], [374, 377], [374, 380], [444, 447], [498, 499], [498, 508], [500, 501], [500, 503], [520, 523], [545, 548], [551, 556], [559, 560], [561, 562], [568, 576], [588, 589], [588, 591], [622, 625], [725, 728], [729, 747], [816, 817]], "missing_branches": [[168, 169], [177, 178], [190, 191], [195, 196], [207, 208], [210, 211], [231, 232], [290, 291], [373, 380], [444, 445], [520, 521], [545, 546], [551, 552], [559, 566], [561, 566], [568, 569], [622, 623], [725, 726], [729, 730], [737, 738], [737, 744], [760, -752], [760, 761], [816, -812]]}, "": {"executed_lines": [3, 10, 11, 12, 13, 14, 16, 17, 18, 19, 20, 21, 22, 23, 29, 30, 31, 33, 34, 35, 42, 45, 46, 49, 50, 53, 54, 57, 58, 79, 80, 82, 96, 140, 141, 144, 145, 148, 149, 152, 153, 156, 257, 271, 400, 430, 494, 510, 535, 597, 656, 716, 752, 771, 812, 813, 819], "summary": {"covered_lines": 52, "num_statements": 52, "percent_covered": 100.0, "percent_covered_display": "100", "missing_lines": 0, "excluded_lines": 0, "percent_statements_covered": 100.0, "percent_statements_covered_display": "100", "num_branches": 0, "num_partial_branches": 0, "covered_branches": 0, "missing_branches": 0, "percent_branches_covered": 100.0, "percent_branches_covered_display": "100"}, "missing_lines": [], "excluded_lines": [], "executed_branches": [], "missing_branches": []}}}, "future_skills/tasks.py": {"executed_lines": [1, 12, 14, 15, 16, 18, 25, 26, 32, 33, 36, 37, 38, 39, 40, 41, 95, 100, 101, 108, 255, 256, 257, 258, 259], "summary": {"covered_lines": 24, "num_statements": 107, "percent_covered": 21.62162162162162, "percent_covered_display": "22", "missing_lines": 83, "excluded_lines": 0, "percent_statements_covered": 22.429906542056074, "percent_statements_covered_display": "22", "num_branches": 4, "num_partial_branches": 0, "covered_branches": 0, "missing_branches": 4, "percent_branches_covered": 0.0, "percent_branches_covered_display": "0"}, "missing_lines": [102, 103, 104, 105, 113, 115, 118, 123, 127, 128, 129, 135, 139, 140, 141, 147, 151, 152, 158, 162, 163, 164, 165, 168, 173, 174, 175, 176, 177, 178, 179, 180, 181, 182, 183, 185, 191, 202, 204, 206, 207, 209, 210, 211, 214, 220, 222, 224, 225, 227, 228, 229, 231, 236, 238, 240, 241, 243, 244, 245, 247, 252, 286, 287, 289, 291, 293, 296, 300, 301, 303, 304, 305, 306, 307, 308, 309, 310, 311, 312, 315, 318, 323], "excluded_lines": [], "executed_branches": [], "missing_branches": [[303, 304], [303, 315], [304, 303], [304, 305]], "functions": {"train_model_task": {"executed_lines": [95, 100, 101, 108], "summary": {"covered_lines": 4, "num_statements": 66, "percent_covered": 6.0606060606060606, "percent_covered_display": "6", "missing_lines": 62, "excluded_lines": 0, "percent_statements_covered": 6.0606060606060606, "percent_statements_covered_display": "6", "num_branches": 0, "num_partial_branches": 0, "covered_branches": 0, "missing_branches": 0, "percent_branches_covered": 100.0, "percent_branches_covered_display": "100"}, "missing_lines": [102, 103, 104, 105, 113, 115, 118, 123, 127, 128, 129, 135, 139, 140, 141, 147, 151, 152, 158, 162, 163, 164, 165, 168, 173, 174, 175, 176, 177, 178, 179, 180, 181, 182, 183, 185, 191, 202, 204, 206, 207, 209, 210, 211, 214, 220, 222, 224, 225, 227, 228, 229, 231, 236, 238, 240, 241, 243, 244, 245, 247, 252], "excluded_lines": [], "executed_branches": [], "missing_branches": []}, "cleanup_old_models_task": {"executed_lines": [], "summary": {"covered_lines": 0, "num_statements": 21, "percent_covered": 0.0, "percent_covered_display": "0", "missing_lines": 21, "excluded_lines": 0, "percent_statements_covered": 0.0, "percent_statements_covered_display": "0", "num_branches": 4, "num_partial_branches": 0, "covered_branches": 0, "missing_branches": 4, "percent_branches_covered": 0.0, "percent_branches_covered_display": "0"}, "missing_lines": [286, 287, 289, 291, 293, 296, 300, 301, 303, 304, 305, 306, 307, 308, 309, 310, 311, 312, 315, 318, 323], "excluded_lines": [], "executed_branches": [], "missing_branches": [[303, 304], [303, 315], [304, 303], [304, 305]]}, "": {"executed_lines": [1, 12, 14, 15, 16, 18, 25, 26, 32, 33, 36, 37, 38, 39, 40, 41, 255, 256, 257, 258, 259], "summary": {"covered_lines": 20, "num_statements": 20, "percent_covered": 100.0, "percent_covered_display": "100", "missing_lines": 0, "excluded_lines": 0, "percent_statements_covered": 100.0, "percent_statements_covered_display": "100", "num_branches": 0, "num_partial_branches": 0, "covered_branches": 0, "missing_branches": 0, "percent_branches_covered": 100.0, "percent_branches_covered_display": "100"}, "missing_lines": [], "excluded_lines": [], "executed_branches": [], "missing_branches": []}}, "classes": {"": {"executed_lines": [1, 12, 14, 15, 16, 18, 25, 26, 32, 33, 36, 37, 38, 39, 40, 41, 95, 100, 101, 108, 255, 256, 257, 258, 259], "summary": {"covered_lines": 24, "num_statements": 107, "percent_covered": 21.62162162162162, "percent_covered_display": "22", "missing_lines": 83, "excluded_lines": 0, "percent_statements_covered": 22.429906542056074, "percent_statements_covered_display": "22", "num_branches": 4, "num_partial_branches": 0, "covered_branches": 0, "missing_branches": 4, "percent_branches_covered": 0.0, "percent_branches_covered_display": "0"}, "missing_lines": [102, 103, 104, 105, 113, 115, 118, 123, 127, 128, 129, 135, 139, 140, 141, 147, 151, 152, 158, 162, 163, 164, 165, 168, 173, 174, 175, 176, 177, 178, 179, 180, 181, 182, 183, 185, 191, 202, 204, 206, 207, 209, 210, 211, 214, 220, 222, 224, 225, 227, 228, 229, 231, 236, 238, 240, 241, 243, 244, 245, 247, 252, 286, 287, 289, 291, 293, 296, 300, 301, 303, 304, 305, 306, 307, 308, 309, 310, 311, 312, 315, 318, 323], "excluded_lines": [], "executed_branches": [], "missing_branches": [[303, 304], [303, 315], [304, 303], [304, 305]]}}}}, "totals": {"covered_lines": 1898, "num_statements": 3482, "percent_covered": 51.007787448465415, "percent_covered_display": "51", "missing_lines": 1584, "excluded_lines": 14, "percent_statements_covered": 54.508902929350945, "percent_statements_covered_display": "55", "num_branches": 884, "num_partial_branches": 135, "covered_branches": 329, "missing_branches": 555, "percent_branches_covered": 37.217194570135746, "percent_branches_covered_display": "37"}}
